<?xml version="1.0" encoding="UTF-8"?>
<!-- Generated by org.testng.reporters.JUnitXMLReporter -->
<testsuite ignored="16" hostname="L-270331" failures="5" tests="5" name="DistributorTests" time="0.02" errors="0" timestamp="2023-09-01T13:02:22 IST">
  <testcase classname="SomanyTestClass.TransactionTestPage" name="transaction" time="0.001">
    <failure type="java.lang.NullPointerException" message="Cannot invoke &amp;quot;Android.TransactionPage.Transactions()&amp;quot; because &amp;quot;this.tp&amp;quot; is null">
      <![CDATA[java.lang.NullPointerException: Cannot invoke "Android.TransactionPage.Transactions()" because "this.tp" is null
at SomanyTestClass.TransactionTestPage.transaction(TransactionTestPage.java:31)
at java.base/java.util.ArrayList.forEach(ArrayList.java:1511)
... Removed 27 stack frames]]>
    </failure>
  </testcase> <!-- transaction -->
  <testcase classname="SomanyTestClass.TransactionTestPage" name="Add_Transaction" time="0.001">
    <failure type="java.lang.NullPointerException" message="Cannot invoke &amp;quot;Android.TransactionPage.Add_Transaction()&amp;quot; because &amp;quot;this.tp&amp;quot; is null">
      <![CDATA[java.lang.NullPointerException: Cannot invoke "Android.TransactionPage.Add_Transaction()" because "this.tp" is null
at SomanyTestClass.TransactionTestPage.Add_Transaction(TransactionTestPage.java:47)
at java.base/java.util.ArrayList.forEach(ArrayList.java:1511)
... Removed 27 stack frames]]>
    </failure>
  </testcase> <!-- Add_Transaction -->
  <testcase classname="SomanyTestClass.TransactionTestPage" name="Retailer_Name" time="0.002">
    <failure type="java.lang.NullPointerException" message="Cannot invoke &amp;quot;Android.TransactionPage.Retailer_Name()&amp;quot; because &amp;quot;this.tp&amp;quot; is null">
      <![CDATA[java.lang.NullPointerException: Cannot invoke "Android.TransactionPage.Retailer_Name()" because "this.tp" is null
at SomanyTestClass.TransactionTestPage.Retailer_Name(TransactionTestPage.java:57)
at java.base/java.util.ArrayList.forEach(ArrayList.java:1511)
... Removed 27 stack frames]]>
    </failure>
  </testcase> <!-- Retailer_Name -->
  <testcase classname="SomanyTestClass.TransactionTestPage" name="side_menu" time="0.001">
    <failure type="java.lang.NullPointerException" message="Cannot invoke &amp;quot;Android.TransactionPage.side_menu()&amp;quot; because &amp;quot;this.tp&amp;quot; is null">
      <![CDATA[java.lang.NullPointerException: Cannot invoke "Android.TransactionPage.side_menu()" because "this.tp" is null
at SomanyTestClass.TransactionTestPage.side_menu(TransactionTestPage.java:178)
at java.base/java.util.ArrayList.forEach(ArrayList.java:1511)
... Removed 27 stack frames]]>
    </failure>
  </testcase> <!-- side_menu -->
  <testcase classname="SomanyTestClass.TransactionTestPage" name="Logout" time="0.001">
    <failure type="java.lang.NullPointerException" message="Cannot invoke &amp;quot;Android.TransactionPage.Logout()&amp;quot; because &amp;quot;this.tp&amp;quot; is null">
      <![CDATA[java.lang.NullPointerException: Cannot invoke "Android.TransactionPage.Logout()" because "this.tp" is null
at SomanyTestClass.TransactionTestPage.Logout(TransactionTestPage.java:183)
at java.base/java.util.ArrayList.forEach(ArrayList.java:1511)
... Removed 27 stack frames]]>
    </failure>
  </testcase> <!-- Logout -->
  <testcase classname="SomanyTestClass.TransactionTestPage" name="Purchase_Price" time="0.0">
    <ignored/>
  </testcase> <!-- Purchase_Price -->
  <testcase classname="SomanyTestClass.TransactionTestPage" name="submit" time="0.0">
    <ignored/>
  </testcase> <!-- submit -->
  <testcase classname="SomanyTestClass.TransactionTestPage" name="Invoice_Number" time="0.0">
    <ignored/>
  </testcase> <!-- Invoice_Number -->
  <testcase classname="SomanyTestClass.TransactionTestPage" name="Choose_Image" time="0.0">
    <ignored/>
  </testcase> <!-- Choose_Image -->
  <testcase classname="SomanyTestClass.TransactionTestPage" name="Invoice_Date" time="0.0">
    <ignored/>
  </testcase> <!-- Invoice_Date -->
  <testcase classname="SomanyTestClass.TransactionTestPage" name="tapOnScreen" time="0.0">
    <ignored/>
  </testcase> <!-- tapOnScreen -->
  <testcase classname="SomanyTestClass.TransactionTestPage" name="Subtotal" time="0.0">
    <ignored/>
  </testcase> <!-- Subtotal -->
  <testcase classname="SomanyTestClass.TransactionTestPage" name="Unit" time="0.0">
    <ignored/>
  </testcase> <!-- Unit -->
  <testcase classname="SomanyTestClass.TransactionTestPage" name="Invoice_DateEdite" time="0.0">
    <ignored/>
  </testcase> <!-- Invoice_DateEdite -->
  <testcase classname="SomanyTestClass.TransactionTestPage" name="Save" time="0.0">
    <ignored/>
  </testcase> <!-- Save -->
  <testcase classname="SomanyTestClass.TransactionTestPage" name="MRP" time="0.0">
    <ignored/>
  </testcase> <!-- MRP -->
  <testcase classname="SomanyTestClass.TransactionTestPage" name="Product_Select" time="0.0">
    <ignored/>
  </testcase> <!-- Product_Select -->
  <testcase classname="SomanyTestClass.TransactionTestPage" name="Distributor_Name" time="0.0">
    <ignored/>
  </testcase> <!-- Distributor_Name -->
  <testcase classname="SomanyTestClass.TransactionTestPage" name="Image" time="0.0">
    <ignored/>
  </testcase> <!-- Image -->
  <testcase classname="SomanyTestClass.TransactionTestPage" name="Back" time="0.0">
    <ignored/>
  </testcase> <!-- Back -->
  <testcase classname="SomanyTestClass.TransactionTestPage" name="Add_products" time="0.0">
    <ignored/>
  </testcase> <!-- Add_products -->
</testsuite> <!-- DistributorTests -->
