<?xml version="1.0" encoding="UTF-8"?>
<!-- Generated by org.testng.reporters.JUnitXMLReporter -->
<testsuite ignored="1" hostname="L-270331" failures="20" tests="20" name="RetailerTests" time="0.21" errors="0" timestamp="2023-09-01T13:02:22 IST">
  <testcase classname="SomanyTestClass.TransactionTestPage" name="transaction" time="0.014">
    <failure type="java.lang.NullPointerException" message="Cannot invoke &amp;quot;Android.TransactionPage.Transactions()&amp;quot; because &amp;quot;this.tp&amp;quot; is null">
      <![CDATA[java.lang.NullPointerException: Cannot invoke "Android.TransactionPage.Transactions()" because "this.tp" is null
at SomanyTestClass.TransactionTestPage.transaction(TransactionTestPage.java:31)
at java.base/java.util.ArrayList.forEach(ArrayList.java:1511)
... Removed 27 stack frames]]>
    </failure>
  </testcase> <!-- transaction -->
  <testcase classname="SomanyTestClass.TransactionTestPage" name="Add_Transaction" time="0.002">
    <failure type="java.lang.NullPointerException" message="Cannot invoke &amp;quot;Android.TransactionPage.Add_Transaction()&amp;quot; because &amp;quot;this.tp&amp;quot; is null">
      <![CDATA[java.lang.NullPointerException: Cannot invoke "Android.TransactionPage.Add_Transaction()" because "this.tp" is null
at SomanyTestClass.TransactionTestPage.Add_Transaction(TransactionTestPage.java:47)
at java.base/java.util.ArrayList.forEach(ArrayList.java:1511)
... Removed 27 stack frames]]>
    </failure>
  </testcase> <!-- Add_Transaction -->
  <testcase classname="SomanyTestClass.TransactionTestPage" name="Retailer_Name" time="0.006">
    <failure type="java.lang.NullPointerException" message="Cannot invoke &amp;quot;Android.TransactionPage.Retailer_Name()&amp;quot; because &amp;quot;this.tp&amp;quot; is null">
      <![CDATA[java.lang.NullPointerException: Cannot invoke "Android.TransactionPage.Retailer_Name()" because "this.tp" is null
at SomanyTestClass.TransactionTestPage.Retailer_Name(TransactionTestPage.java:57)
at java.base/java.util.ArrayList.forEach(ArrayList.java:1511)
... Removed 27 stack frames]]>
    </failure>
  </testcase> <!-- Retailer_Name -->
  <testcase classname="SomanyTestClass.TransactionTestPage" name="Distributor_Name" time="0.001">
    <failure type="java.lang.NullPointerException" message="Cannot invoke &amp;quot;Android.TransactionPage.Distributor_Name()&amp;quot; because &amp;quot;this.tp&amp;quot; is null">
      <![CDATA[java.lang.NullPointerException: Cannot invoke "Android.TransactionPage.Distributor_Name()" because "this.tp" is null
at SomanyTestClass.TransactionTestPage.Distributor_Name(TransactionTestPage.java:81)
at java.base/java.util.ArrayList.forEach(ArrayList.java:1511)
... Removed 27 stack frames]]>
    </failure>
  </testcase> <!-- Distributor_Name -->
  <testcase classname="SomanyTestClass.TransactionTestPage" name="Invoice_Date" time="0.002">
    <failure type="java.lang.NullPointerException" message="Cannot invoke &amp;quot;Android.TransactionPage.Invoice_Date()&amp;quot; because &amp;quot;this.tp&amp;quot; is null">
      <![CDATA[java.lang.NullPointerException: Cannot invoke "Android.TransactionPage.Invoice_Date()" because "this.tp" is null
at SomanyTestClass.TransactionTestPage.Invoice_Date(TransactionTestPage.java:90)
at java.base/java.util.ArrayList.forEach(ArrayList.java:1511)
... Removed 27 stack frames]]>
    </failure>
  </testcase> <!-- Invoice_Date -->
  <testcase classname="SomanyTestClass.TransactionTestPage" name="Invoice_DateEdite" time="0.003">
    <failure type="java.lang.NullPointerException" message="Cannot invoke &amp;quot;Android.TransactionPage.Invoice_DateEdite()&amp;quot; because &amp;quot;this.tp&amp;quot; is null">
      <![CDATA[java.lang.NullPointerException: Cannot invoke "Android.TransactionPage.Invoice_DateEdite()" because "this.tp" is null
at SomanyTestClass.TransactionTestPage.Invoice_DateEdite(TransactionTestPage.java:96)
at java.base/java.util.ArrayList.forEach(ArrayList.java:1511)
... Removed 27 stack frames]]>
    </failure>
  </testcase> <!-- Invoice_DateEdite -->
  <testcase classname="SomanyTestClass.TransactionTestPage" name="Invoice_Number" time="0.002">
    <failure type="java.lang.NullPointerException" message="Cannot invoke &amp;quot;Android.TransactionPage.Invoice_Number(String)&amp;quot; because &amp;quot;this.tp&amp;quot; is null">
      <![CDATA[java.lang.NullPointerException: Cannot invoke "Android.TransactionPage.Invoice_Number(String)" because "this.tp" is null
at SomanyTestClass.TransactionTestPage.Invoice_Number(TransactionTestPage.java:104)
at java.base/java.util.ArrayList.forEach(ArrayList.java:1511)
... Removed 27 stack frames]]>
    </failure>
  </testcase> <!-- Invoice_Number -->
  <testcase classname="SomanyTestClass.TransactionTestPage" name="Add_products" time="0.002">
    <failure type="java.lang.NullPointerException" message="Cannot invoke &amp;quot;Android.TransactionPage.Add_products()&amp;quot; because &amp;quot;this.tp&amp;quot; is null">
      <![CDATA[java.lang.NullPointerException: Cannot invoke "Android.TransactionPage.Add_products()" because "this.tp" is null
at SomanyTestClass.TransactionTestPage.Add_products(TransactionTestPage.java:111)
at java.base/java.util.ArrayList.forEach(ArrayList.java:1511)
... Removed 27 stack frames]]>
    </failure>
  </testcase> <!-- Add_products -->
  <testcase classname="SomanyTestClass.TransactionTestPage" name="Product_Select" time="0.003">
    <failure type="java.lang.NullPointerException" message="Cannot invoke &amp;quot;Android.TransactionPage.Product_Select()&amp;quot; because &amp;quot;this.tp&amp;quot; is null">
      <![CDATA[java.lang.NullPointerException: Cannot invoke "Android.TransactionPage.Product_Select()" because "this.tp" is null
at SomanyTestClass.TransactionTestPage.Product_Select(TransactionTestPage.java:116)
at java.base/java.util.ArrayList.forEach(ArrayList.java:1511)
... Removed 27 stack frames]]>
    </failure>
  </testcase> <!-- Product_Select -->
  <testcase classname="SomanyTestClass.TransactionTestPage" name="MRP" time="0.001">
    <failure type="java.lang.NullPointerException" message="Cannot invoke &amp;quot;Android.TransactionPage.MRP()&amp;quot; because &amp;quot;this.tp&amp;quot; is null">
      <![CDATA[java.lang.NullPointerException: Cannot invoke "Android.TransactionPage.MRP()" because "this.tp" is null
at SomanyTestClass.TransactionTestPage.MRP(TransactionTestPage.java:124)
at java.base/java.util.ArrayList.forEach(ArrayList.java:1511)
... Removed 27 stack frames]]>
    </failure>
  </testcase> <!-- MRP -->
  <testcase classname="SomanyTestClass.TransactionTestPage" name="Purchase_Price" time="0.002">
    <failure type="java.lang.NullPointerException" message="Cannot invoke &amp;quot;Android.TransactionPage.Purchase_Price(String)&amp;quot; because &amp;quot;this.tp&amp;quot; is null">
      <![CDATA[java.lang.NullPointerException: Cannot invoke "Android.TransactionPage.Purchase_Price(String)" because "this.tp" is null
at SomanyTestClass.TransactionTestPage.Purchase_Price(TransactionTestPage.java:129)
at java.base/java.util.ArrayList.forEach(ArrayList.java:1511)
... Removed 27 stack frames]]>
    </failure>
  </testcase> <!-- Purchase_Price -->
  <testcase classname="SomanyTestClass.TransactionTestPage" name="Unit" time="0.002">
    <failure type="java.lang.NullPointerException" message="Cannot invoke &amp;quot;Android.TransactionPage.Unit(String)&amp;quot; because &amp;quot;this.tp&amp;quot; is null">
      <![CDATA[java.lang.NullPointerException: Cannot invoke "Android.TransactionPage.Unit(String)" because "this.tp" is null
at SomanyTestClass.TransactionTestPage.Unit(TransactionTestPage.java:134)
at java.base/java.util.ArrayList.forEach(ArrayList.java:1511)
... Removed 27 stack frames]]>
    </failure>
  </testcase> <!-- Unit -->
  <testcase classname="SomanyTestClass.TransactionTestPage" name="Subtotal" time="0.001">
    <failure type="java.lang.NullPointerException" message="Cannot invoke &amp;quot;Android.TransactionPage.Subtotal()&amp;quot; because &amp;quot;this.tp&amp;quot; is null">
      <![CDATA[java.lang.NullPointerException: Cannot invoke "Android.TransactionPage.Subtotal()" because "this.tp" is null
at SomanyTestClass.TransactionTestPage.Subtotal(TransactionTestPage.java:140)
at java.base/java.util.ArrayList.forEach(ArrayList.java:1511)
... Removed 27 stack frames]]>
    </failure>
  </testcase> <!-- Subtotal -->
  <testcase classname="SomanyTestClass.TransactionTestPage" name="Save" time="0.002">
    <failure type="java.lang.NullPointerException" message="Cannot invoke &amp;quot;Android.TransactionPage.Save()&amp;quot; because &amp;quot;this.tp&amp;quot; is null">
      <![CDATA[java.lang.NullPointerException: Cannot invoke "Android.TransactionPage.Save()" because "this.tp" is null
at SomanyTestClass.TransactionTestPage.Save(TransactionTestPage.java:145)
at java.base/java.util.ArrayList.forEach(ArrayList.java:1511)
... Removed 27 stack frames]]>
    </failure>
  </testcase> <!-- Save -->
  <testcase classname="SomanyTestClass.TransactionTestPage" name="tapOnScreen" time="0.001">
    <failure type="java.lang.NullPointerException" message="Cannot invoke &amp;quot;Android.TransactionPage.tapOnScreen(io.appium.java_client.android.AndroidDriver, int, int)&amp;quot; because &amp;quot;this.tp&amp;quot; is null">
      <![CDATA[java.lang.NullPointerException: Cannot invoke "Android.TransactionPage.tapOnScreen(io.appium.java_client.android.AndroidDriver, int, int)" because "this.tp" is null
at SomanyTestClass.TransactionTestPage.tapOnScreen(TransactionTestPage.java:150)
at java.base/java.util.ArrayList.forEach(ArrayList.java:1511)
... Removed 27 stack frames]]>
    </failure>
  </testcase> <!-- tapOnScreen -->
  <testcase classname="SomanyTestClass.TransactionTestPage" name="Choose_Image" time="0.0">
    <failure type="java.lang.NullPointerException" message="Cannot invoke &amp;quot;Android.TransactionPage.Choose_Image()&amp;quot; because &amp;quot;this.tp&amp;quot; is null">
      <![CDATA[java.lang.NullPointerException: Cannot invoke "Android.TransactionPage.Choose_Image()" because "this.tp" is null
at SomanyTestClass.TransactionTestPage.Choose_Image(TransactionTestPage.java:156)
at java.base/java.util.ArrayList.forEach(ArrayList.java:1511)
... Removed 27 stack frames]]>
    </failure>
  </testcase> <!-- Choose_Image -->
  <testcase classname="SomanyTestClass.TransactionTestPage" name="Image" time="0.0">
    <failure type="java.lang.NullPointerException" message="Cannot invoke &amp;quot;Android.TransactionPage.Image()&amp;quot; because &amp;quot;this.tp&amp;quot; is null">
      <![CDATA[java.lang.NullPointerException: Cannot invoke "Android.TransactionPage.Image()" because "this.tp" is null
at SomanyTestClass.TransactionTestPage.Image(TransactionTestPage.java:162)
at java.base/java.util.ArrayList.forEach(ArrayList.java:1511)
... Removed 27 stack frames]]>
    </failure>
  </testcase> <!-- Image -->
  <testcase classname="SomanyTestClass.TransactionTestPage" name="submit" time="0.001">
    <failure type="java.lang.NullPointerException" message="Cannot invoke &amp;quot;Android.TransactionPage.submit()&amp;quot; because &amp;quot;this.tp&amp;quot; is null">
      <![CDATA[java.lang.NullPointerException: Cannot invoke "Android.TransactionPage.submit()" because "this.tp" is null
at SomanyTestClass.TransactionTestPage.submit(TransactionTestPage.java:168)
at java.base/java.util.ArrayList.forEach(ArrayList.java:1511)
... Removed 27 stack frames]]>
    </failure>
  </testcase> <!-- submit -->
  <testcase classname="SomanyTestClass.TransactionTestPage" name="side_menu" time="0.0">
    <failure type="java.lang.NullPointerException" message="Cannot invoke &amp;quot;Android.TransactionPage.side_menu()&amp;quot; because &amp;quot;this.tp&amp;quot; is null">
      <![CDATA[java.lang.NullPointerException: Cannot invoke "Android.TransactionPage.side_menu()" because "this.tp" is null
at SomanyTestClass.TransactionTestPage.side_menu(TransactionTestPage.java:178)
at java.base/java.util.ArrayList.forEach(ArrayList.java:1511)
... Removed 27 stack frames]]>
    </failure>
  </testcase> <!-- side_menu -->
  <testcase classname="SomanyTestClass.TransactionTestPage" name="Logout" time="0.002">
    <failure type="java.lang.NullPointerException" message="Cannot invoke &amp;quot;Android.TransactionPage.Logout()&amp;quot; because &amp;quot;this.tp&amp;quot; is null">
      <![CDATA[java.lang.NullPointerException: Cannot invoke "Android.TransactionPage.Logout()" because "this.tp" is null
at SomanyTestClass.TransactionTestPage.Logout(TransactionTestPage.java:183)
at java.base/java.util.ArrayList.forEach(ArrayList.java:1511)
... Removed 27 stack frames]]>
    </failure>
  </testcase> <!-- Logout -->
  <testcase classname="SomanyTestClass.TransactionTestPage" name="Back" time="0.0">
    <ignored/>
  </testcase> <!-- Back -->
</testsuite> <!-- RetailerTests -->
