<?xml version="1.0" encoding="UTF-8"?>
<!-- Generated by org.testng.reporters.JUnitXMLReporter -->
<testsuite ignored="14" hostname="L-270331" failures="0" tests="16" name="TestRun3" time="0.123" errors="0" timestamp="2024-02-14T16:54:26 IST">
  <testcase classname="SomanyTestClass.BaseTest" name="@BeforeClass start" time="0.009">
    <failure type="org.openqa.selenium.SessionNotCreatedException" message="Could not start a new session. Possible causes are invalid address of the remote server or browser start-up failure. 
Host info: host: &amp;apos;L-270331&amp;apos;, ip: &amp;apos;192.168.3.184&amp;apos;">
      <![CDATA[org.openqa.selenium.SessionNotCreatedException: Could not start a new session. Possible causes are invalid address of the remote server or browser start-up failure. 
Host info: host: 'L-270331', ip: '192.168.3.184'
at org.openqa.selenium.remote.RemoteWebDriver.execute(RemoteWebDriver.java:620)
at io.appium.java_client.AppiumDriver.startSession(AppiumDriver.java:229)
at org.openqa.selenium.remote.RemoteWebDriver.<init>(RemoteWebDriver.java:163)
at io.appium.java_client.AppiumDriver.<init>(AppiumDriver.java:80)
at io.appium.java_client.AppiumDriver.<init>(AppiumDriver.java:92)
at io.appium.java_client.android.AndroidDriver.<init>(AndroidDriver.java:117)
at SomanyTestClass.BaseTest.start(BaseTest.java:39)
at java.base/java.util.ArrayList.forEach(ArrayList.java:1511)
Caused by: org.openqa.selenium.WebDriverException: Connection refused: no further information
Build info: version: '4.16.1', revision: '9b4c83354e'
System info: os.name: 'Windows 11', os.arch: 'amd64', os.version: '10.0', java.version: '17.0.6'
Driver info: driver.version: AndroidDriver
at io.appium.java_client.remote.AppiumCommandExecutor.lambda$execute$4(AppiumCommandExecutor.java:274)
at java.base/java.util.Optional.orElseGet(Optional.java:364)
at io.appium.java_client.remote.AppiumCommandExecutor.execute(AppiumCommandExecutor.java:273)
at org.openqa.selenium.remote.RemoteWebDriver.execute(RemoteWebDriver.java:602)
... 32 more
Caused by: java.net.ConnectException: Connection refused: no further information
at java.base/sun.nio.ch.Net.pollConnect(Native Method)
at java.base/sun.nio.ch.Net.pollConnectNow(Net.java:672)
at java.base/sun.nio.ch.SocketChannelImpl.finishConnect(SocketChannelImpl.java:946)
at io.netty.channel.socket.nio.NioSocketChannel.doFinishConnect(NioSocketChannel.java:337)
at io.netty.channel.nio.AbstractNioChannel$AbstractNioUnsafe.finishConnect(AbstractNioChannel.java:334)
at io.netty.channel.nio.NioEventLoop.processSelectedKey(NioEventLoop.java:776)
at io.netty.channel.nio.NioEventLoop.processSelectedKeysOptimized(NioEventLoop.java:724)
at io.netty.channel.nio.NioEventLoop.processSelectedKeys(NioEventLoop.java:650)
at io.netty.channel.nio.NioEventLoop.run(NioEventLoop.java:562)
at io.netty.util.concurrent.SingleThreadEventExecutor$4.run(SingleThreadEventExecutor.java:997)
at io.netty.util.internal.ThreadExecutorMap$2.run(ThreadExecutorMap.java:74)
at io.netty.util.concurrent.FastThreadLocalRunnable.run(FastThreadLocalRunnable.java:30)
at java.base/java.lang.Thread.run(Thread.java:833)
... Removed 25 stack frames]]>
    </failure>
  </testcase> <!-- @BeforeClass start -->
  <testcase classname="SomanyTestClass.BaseTest" name="@BeforeClass start" time="0.006">
    <failure type="org.openqa.selenium.SessionNotCreatedException" message="Could not start a new session. Possible causes are invalid address of the remote server or browser start-up failure. 
Host info: host: &amp;apos;L-270331&amp;apos;, ip: &amp;apos;192.168.3.184&amp;apos;">
      <![CDATA[org.openqa.selenium.SessionNotCreatedException: Could not start a new session. Possible causes are invalid address of the remote server or browser start-up failure. 
Host info: host: 'L-270331', ip: '192.168.3.184'
at org.openqa.selenium.remote.RemoteWebDriver.execute(RemoteWebDriver.java:620)
at io.appium.java_client.AppiumDriver.startSession(AppiumDriver.java:229)
at org.openqa.selenium.remote.RemoteWebDriver.<init>(RemoteWebDriver.java:163)
at io.appium.java_client.AppiumDriver.<init>(AppiumDriver.java:80)
at io.appium.java_client.AppiumDriver.<init>(AppiumDriver.java:92)
at io.appium.java_client.android.AndroidDriver.<init>(AndroidDriver.java:117)
at SomanyTestClass.BaseTest.start(BaseTest.java:39)
at java.base/java.util.ArrayList.forEach(ArrayList.java:1511)
Caused by: org.openqa.selenium.WebDriverException: Connection refused: no further information
Build info: version: '4.16.1', revision: '9b4c83354e'
System info: os.name: 'Windows 11', os.arch: 'amd64', os.version: '10.0', java.version: '17.0.6'
Driver info: driver.version: AndroidDriver
at io.appium.java_client.remote.AppiumCommandExecutor.lambda$execute$4(AppiumCommandExecutor.java:274)
at java.base/java.util.Optional.orElseGet(Optional.java:364)
at io.appium.java_client.remote.AppiumCommandExecutor.execute(AppiumCommandExecutor.java:273)
at org.openqa.selenium.remote.RemoteWebDriver.execute(RemoteWebDriver.java:602)
... 32 more
Caused by: java.net.ConnectException: Connection refused: no further information
at java.base/sun.nio.ch.Net.pollConnect(Native Method)
at java.base/sun.nio.ch.Net.pollConnectNow(Net.java:672)
at java.base/sun.nio.ch.SocketChannelImpl.finishConnect(SocketChannelImpl.java:946)
at io.netty.channel.socket.nio.NioSocketChannel.doFinishConnect(NioSocketChannel.java:337)
at io.netty.channel.nio.AbstractNioChannel$AbstractNioUnsafe.finishConnect(AbstractNioChannel.java:334)
at io.netty.channel.nio.NioEventLoop.processSelectedKey(NioEventLoop.java:776)
at io.netty.channel.nio.NioEventLoop.processSelectedKeysOptimized(NioEventLoop.java:724)
at io.netty.channel.nio.NioEventLoop.processSelectedKeys(NioEventLoop.java:650)
at io.netty.channel.nio.NioEventLoop.run(NioEventLoop.java:562)
at io.netty.util.concurrent.SingleThreadEventExecutor$4.run(SingleThreadEventExecutor.java:997)
at io.netty.util.internal.ThreadExecutorMap$2.run(ThreadExecutorMap.java:74)
at io.netty.util.concurrent.FastThreadLocalRunnable.run(FastThreadLocalRunnable.java:30)
at java.base/java.lang.Thread.run(Thread.java:833)
... Removed 25 stack frames]]>
    </failure>
  </testcase> <!-- @BeforeClass start -->
  <testcase classname="SomanyTestClass.loginTest" name="DistributorNo" time="0.0">
    <skipped/>
  </testcase> <!-- DistributorNo -->
  <testcase classname="SomanyTestClass.loginTest" name="sendOTP" time="0.0">
    <skipped/>
  </testcase> <!-- sendOTP -->
  <testcase classname="SomanyTestClass.loginTest" name="enterOTP" time="0.0">
    <skipped/>
  </testcase> <!-- enterOTP -->
  <testcase classname="SomanyTestClass.loginTest" name="enterOTP" time="0.0">
    <skipped/>
  </testcase> <!-- enterOTP -->
  <testcase classname="SomanyTestClass.loginTest" name="enterOTP" time="0.0">
    <skipped/>
  </testcase> <!-- enterOTP -->
  <testcase classname="SomanyTestClass.loginTest" name="enterOTP" time="0.0">
    <skipped/>
  </testcase> <!-- enterOTP -->
  <testcase classname="SomanyTestClass.loginTest" name="enterOTP" time="0.0">
    <skipped/>
  </testcase> <!-- enterOTP -->
  <testcase classname="SomanyTestClass.loginTest" name="enterOTP" time="0.0">
    <skipped/>
  </testcase> <!-- enterOTP -->
  <testcase classname="SomanyTestClass.loginTest" name="submit" time="0.0">
    <skipped/>
  </testcase> <!-- submit -->
  <testcase classname="SomanyTestClass.loginTest" name="resendOTP" time="0.0">
    <skipped/>
  </testcase> <!-- resendOTP -->
  <testcase classname="SomanyTestClass.TransactionTestPage" name="Pending_Transactions" time="0.0">
    <skipped/>
  </testcase> <!-- Pending_Transactions -->
  <testcase classname="SomanyTestClass.TransactionTestPage" name="action" time="0.0">
    <skipped/>
  </testcase> <!-- action -->
  <testcase classname="SomanyTestClass.TransactionTestPage" name="approve" time="0.0">
    <skipped/>
  </testcase> <!-- approve -->
  <testcase classname="SomanyTestClass.TransactionTestPage" name="Back" time="0.0">
    <skipped/>
  </testcase> <!-- Back -->
  <testcase classname="SomanyTestClass.TransactionTestPage" name="side_menu" time="0.0">
    <skipped/>
  </testcase> <!-- side_menu -->
  <testcase classname="SomanyTestClass.TransactionTestPage" name="Logout" time="0.0">
    <skipped/>
  </testcase> <!-- Logout -->
  <testcase classname="SomanyTestClass.TransactionTestPage" name="Invoice_DateEdite" time="0.0">
    <ignored/>
  </testcase> <!-- Invoice_DateEdite -->
  <testcase classname="SomanyTestClass.TransactionTestPage" name="Invoice_Date" time="0.0">
    <ignored/>
  </testcase> <!-- Invoice_Date -->
  <testcase classname="SomanyTestClass.TransactionTestPage" name="submit" time="0.0">
    <ignored/>
  </testcase> <!-- submit -->
  <testcase classname="SomanyTestClass.TransactionTestPage" name="Retailer_Name" time="0.0">
    <ignored/>
  </testcase> <!-- Retailer_Name -->
  <testcase classname="SomanyTestClass.TransactionTestPage" name="transaction" time="0.0">
    <ignored/>
  </testcase> <!-- transaction -->
  <testcase classname="SomanyTestClass.TransactionTestPage" name="Add_Transaction" time="0.0">
    <ignored/>
  </testcase> <!-- Add_Transaction -->
  <testcase classname="SomanyTestClass.loginTest" name="mobileNumber" time="0.0">
    <ignored/>
  </testcase> <!-- mobileNumber -->
  <testcase classname="SomanyTestClass.TransactionTestPage" name="Pre_GST_invoice_amount" time="0.0">
    <ignored/>
  </testcase> <!-- Pre_GST_invoice_amount -->
  <testcase classname="SomanyTestClass.TransactionTestPage" name="Image" time="0.0">
    <ignored/>
  </testcase> <!-- Image -->
  <testcase classname="SomanyTestClass.TransactionTestPage" name="Distributor_Name" time="0.0">
    <ignored/>
  </testcase> <!-- Distributor_Name -->
  <testcase classname="SomanyTestClass.TransactionTestPage" name="tapOnScreen" time="0.0">
    <ignored/>
  </testcase> <!-- tapOnScreen -->
  <testcase classname="SomanyTestClass.TransactionTestPage" name="cancle" time="0.0">
    <ignored/>
  </testcase> <!-- cancle -->
  <testcase classname="SomanyTestClass.TransactionTestPage" name="Invoice_Number" time="0.0">
    <ignored/>
  </testcase> <!-- Invoice_Number -->
  <testcase classname="SomanyTestClass.TransactionTestPage" name="reject" time="0.0">
    <ignored/>
  </testcase> <!-- reject -->
</testsuite> <!-- TestRun3 -->
