<?xml version="1.0" encoding="UTF-8"?>
<testng-results ignored="0" total="88" passed="50" failed="38" skipped="0">
  <reporter-output>
  </reporter-output>
  <suite started-at="2024-07-01T12:41:07 IST" name="Surefire suite" finished-at="2024-07-01T12:55:31 IST" duration-ms="864283">
    <groups>
      <group name="retailer">
        <method signature="RetailerNominationTest.My_retailer()[pri:1, instance:SomanyTestClass.RetailerNominationTest@783a467b]" name="My_retailer" class="SomanyTestClass.RetailerNominationTest"/>
        <method signature="loginTest.mobileNumber(java.lang.String)[pri:1, instance:SomanyTestClass.loginTest@273e7444]" name="mobileNumber" class="SomanyTestClass.loginTest"/>
        <method signature="RetailerNominationTest.Add_retailer()[pri:2, instance:SomanyTestClass.RetailerNominationTest@783a467b]" name="Add_retailer" class="SomanyTestClass.RetailerNominationTest"/>
        <method signature="loginTest.sendOTP()[pri:2, instance:SomanyTestClass.loginTest@273e7444]" name="sendOTP" class="SomanyTestClass.loginTest"/>
        <method signature="RetailerNominationTest.member_Type()[pri:3, instance:SomanyTestClass.RetailerNominationTest@783a467b]" name="member_Type" class="SomanyTestClass.RetailerNominationTest"/>
        <method signature="loginTest.enterOTP(java.lang.String)[pri:3, instance:SomanyTestClass.loginTest@273e7444]" name="enterOTP" class="SomanyTestClass.loginTest"/>
        <method signature="RetailerNominationTest.Full_Name()[pri:4, instance:SomanyTestClass.RetailerNominationTest@783a467b]" name="Full_Name" class="SomanyTestClass.RetailerNominationTest"/>
        <method signature="loginTest.submit()[pri:4, instance:SomanyTestClass.loginTest@273e7444]" name="submit" class="SomanyTestClass.loginTest"/>
        <method signature="RetailerNominationTest.mobile_number()[pri:5, instance:SomanyTestClass.RetailerNominationTest@783a467b]" name="mobile_number" class="SomanyTestClass.RetailerNominationTest"/>
        <method signature="loginTest.resendOTP()[pri:5, instance:SomanyTestClass.loginTest@273e7444]" name="resendOTP" class="SomanyTestClass.loginTest"/>
        <method signature="RetailerNominationTest.firm_name()[pri:6, instance:SomanyTestClass.RetailerNominationTest@783a467b]" name="firm_name" class="SomanyTestClass.RetailerNominationTest"/>
        <method signature="RetailerNominationTest.designation()[pri:7, instance:SomanyTestClass.RetailerNominationTest@783a467b]" name="designation" class="SomanyTestClass.RetailerNominationTest"/>
        <method signature="RetailerNominationTest.profile_photo()[pri:8, instance:SomanyTestClass.RetailerNominationTest@783a467b]" name="profile_photo" class="SomanyTestClass.RetailerNominationTest"/>
        <method signature="RetailerNominationTest.Email_ID()[pri:9, instance:SomanyTestClass.RetailerNominationTest@783a467b]" name="Email_ID" class="SomanyTestClass.RetailerNominationTest"/>
        <method signature="RetailerNominationTest.PAN_Numbaer()[pri:10, instance:SomanyTestClass.RetailerNominationTest@783a467b]" name="PAN_Numbaer" class="SomanyTestClass.RetailerNominationTest"/>
        <method signature="RetailerNominationTest.PAN_image()[pri:11, instance:SomanyTestClass.RetailerNominationTest@783a467b]" name="PAN_image" class="SomanyTestClass.RetailerNominationTest"/>
        <method signature="RetailerNominationTest.Date_of_Birth()[pri:12, instance:SomanyTestClass.RetailerNominationTest@783a467b]" name="Date_of_Birth" class="SomanyTestClass.RetailerNominationTest"/>
        <method signature="RetailerNominationTest.edit()[pri:13, instance:SomanyTestClass.RetailerNominationTest@783a467b]" name="edit" class="SomanyTestClass.RetailerNominationTest"/>
        <method signature="RetailerNominationTest.Enter_Date()[pri:14, instance:SomanyTestClass.RetailerNominationTest@783a467b]" name="Enter_Date" class="SomanyTestClass.RetailerNominationTest"/>
        <method signature="RetailerNominationTest.ok()[pri:15, instance:SomanyTestClass.RetailerNominationTest@783a467b]" name="ok" class="SomanyTestClass.RetailerNominationTest"/>
        <method signature="RetailerNominationTest.Distributor_Name()[pri:16, instance:SomanyTestClass.RetailerNominationTest@783a467b]" name="Distributor_Name" class="SomanyTestClass.RetailerNominationTest"/>
        <method signature="RetailerNominationTest.Adrerss()[pri:17, instance:SomanyTestClass.RetailerNominationTest@783a467b]" name="Adrerss" class="SomanyTestClass.RetailerNominationTest"/>
        <method signature="RetailerNominationTest.Region()[pri:18, instance:SomanyTestClass.RetailerNominationTest@783a467b]" name="Region" class="SomanyTestClass.RetailerNominationTest"/>
        <method signature="RetailerNominationTest.State()[pri:19, instance:SomanyTestClass.RetailerNominationTest@783a467b]" name="State" class="SomanyTestClass.RetailerNominationTest"/>
        <method signature="RetailerNominationTest.District_City()[pri:20, instance:SomanyTestClass.RetailerNominationTest@783a467b]" name="District_City" class="SomanyTestClass.RetailerNominationTest"/>
        <method signature="RetailerNominationTest.pinCode()[pri:21, instance:SomanyTestClass.RetailerNominationTest@783a467b]" name="pinCode" class="SomanyTestClass.RetailerNominationTest"/>
        <method signature="RetailerNominationTest.Regional_Business_manager()[pri:22, instance:SomanyTestClass.RetailerNominationTest@783a467b]" name="Regional_Business_manager" class="SomanyTestClass.RetailerNominationTest"/>
        <method signature="RetailerNominationTest.Remark()[pri:23, instance:SomanyTestClass.RetailerNominationTest@783a467b]" name="Remark" class="SomanyTestClass.RetailerNominationTest"/>
        <method signature="RetailerNominationTest.Visiting_card()[pri:24, instance:SomanyTestClass.RetailerNominationTest@783a467b]" name="Visiting_card" class="SomanyTestClass.RetailerNominationTest"/>
        <method signature="RetailerNominationTest.owner_photo()[pri:25, instance:SomanyTestClass.RetailerNominationTest@783a467b]" name="owner_photo" class="SomanyTestClass.RetailerNominationTest"/>
        <method signature="RetailerNominationTest.shope_photo()[pri:26, instance:SomanyTestClass.RetailerNominationTest@783a467b]" name="shope_photo" class="SomanyTestClass.RetailerNominationTest"/>
        <method signature="RetailerNominationTest.GST_certificate()[pri:27, instance:SomanyTestClass.RetailerNominationTest@783a467b]" name="GST_certificate" class="SomanyTestClass.RetailerNominationTest"/>
        <method signature="RetailerNominationTest.submit()[pri:28, instance:SomanyTestClass.RetailerNominationTest@783a467b]" name="submit" class="SomanyTestClass.RetailerNominationTest"/>
        <method signature="RetailerNominationTest.scrollbit()[pri:29, instance:SomanyTestClass.RetailerNominationTest@783a467b]" name="scrollbit" class="SomanyTestClass.RetailerNominationTest"/>
        <method signature="RetailerNominationTest.back()[pri:30, instance:SomanyTestClass.RetailerNominationTest@783a467b]" name="back" class="SomanyTestClass.RetailerNominationTest"/>
      </group> <!-- retailer -->
      <group name="F1">
        <method signature="loginTest.DistributorNo(java.lang.String)[pri:1, instance:SomanyTestClass.loginTest@273e7444]" name="DistributorNo" class="SomanyTestClass.loginTest"/>
        <method signature="loginTest.sendOTP()[pri:2, instance:SomanyTestClass.loginTest@273e7444]" name="sendOTP" class="SomanyTestClass.loginTest"/>
        <method signature="loginTest.enterOTP(java.lang.String)[pri:3, instance:SomanyTestClass.loginTest@273e7444]" name="enterOTP" class="SomanyTestClass.loginTest"/>
        <method signature="loginTest.submit()[pri:4, instance:SomanyTestClass.loginTest@273e7444]" name="submit" class="SomanyTestClass.loginTest"/>
        <method signature="loginTest.resendOTP()[pri:5, instance:SomanyTestClass.loginTest@273e7444]" name="resendOTP" class="SomanyTestClass.loginTest"/>
      </group> <!-- F1 -->
      <group name="f1">
        <method signature="RetailerNominationTest.Pending_Nominations()[pri:0, instance:SomanyTestClass.RetailerNominationTest@783a467b]" name="Pending_Nominations" class="SomanyTestClass.RetailerNominationTest"/>
        <method signature="RetailerNominationTest.My_retailer()[pri:1, instance:SomanyTestClass.RetailerNominationTest@783a467b]" name="My_retailer" class="SomanyTestClass.RetailerNominationTest"/>
        <method signature="RetailerNominationTest.Add_retailer()[pri:2, instance:SomanyTestClass.RetailerNominationTest@783a467b]" name="Add_retailer" class="SomanyTestClass.RetailerNominationTest"/>
        <method signature="RetailerNominationTest.member_Type()[pri:3, instance:SomanyTestClass.RetailerNominationTest@783a467b]" name="member_Type" class="SomanyTestClass.RetailerNominationTest"/>
        <method signature="RetailerNominationTest.Full_Name()[pri:4, instance:SomanyTestClass.RetailerNominationTest@783a467b]" name="Full_Name" class="SomanyTestClass.RetailerNominationTest"/>
        <method signature="RetailerNominationTest.mobile_number()[pri:5, instance:SomanyTestClass.RetailerNominationTest@783a467b]" name="mobile_number" class="SomanyTestClass.RetailerNominationTest"/>
        <method signature="RetailerNominationTest.firm_name()[pri:6, instance:SomanyTestClass.RetailerNominationTest@783a467b]" name="firm_name" class="SomanyTestClass.RetailerNominationTest"/>
        <method signature="RetailerNominationTest.designation()[pri:7, instance:SomanyTestClass.RetailerNominationTest@783a467b]" name="designation" class="SomanyTestClass.RetailerNominationTest"/>
        <method signature="RetailerNominationTest.profile_photo()[pri:8, instance:SomanyTestClass.RetailerNominationTest@783a467b]" name="profile_photo" class="SomanyTestClass.RetailerNominationTest"/>
        <method signature="RetailerNominationTest.Email_ID()[pri:9, instance:SomanyTestClass.RetailerNominationTest@783a467b]" name="Email_ID" class="SomanyTestClass.RetailerNominationTest"/>
        <method signature="RetailerNominationTest.PAN_Numbaer()[pri:10, instance:SomanyTestClass.RetailerNominationTest@783a467b]" name="PAN_Numbaer" class="SomanyTestClass.RetailerNominationTest"/>
        <method signature="RetailerNominationTest.PAN_image()[pri:11, instance:SomanyTestClass.RetailerNominationTest@783a467b]" name="PAN_image" class="SomanyTestClass.RetailerNominationTest"/>
        <method signature="RetailerNominationTest.Date_of_Birth()[pri:12, instance:SomanyTestClass.RetailerNominationTest@783a467b]" name="Date_of_Birth" class="SomanyTestClass.RetailerNominationTest"/>
        <method signature="RetailerNominationTest.edit()[pri:13, instance:SomanyTestClass.RetailerNominationTest@783a467b]" name="edit" class="SomanyTestClass.RetailerNominationTest"/>
        <method signature="RetailerNominationTest.Enter_Date()[pri:14, instance:SomanyTestClass.RetailerNominationTest@783a467b]" name="Enter_Date" class="SomanyTestClass.RetailerNominationTest"/>
        <method signature="RetailerNominationTest.ok()[pri:15, instance:SomanyTestClass.RetailerNominationTest@783a467b]" name="ok" class="SomanyTestClass.RetailerNominationTest"/>
        <method signature="RetailerNominationTest.Distributor_Name()[pri:16, instance:SomanyTestClass.RetailerNominationTest@783a467b]" name="Distributor_Name" class="SomanyTestClass.RetailerNominationTest"/>
        <method signature="RetailerNominationTest.Adrerss()[pri:17, instance:SomanyTestClass.RetailerNominationTest@783a467b]" name="Adrerss" class="SomanyTestClass.RetailerNominationTest"/>
        <method signature="RetailerNominationTest.Region()[pri:18, instance:SomanyTestClass.RetailerNominationTest@783a467b]" name="Region" class="SomanyTestClass.RetailerNominationTest"/>
        <method signature="RetailerNominationTest.State()[pri:19, instance:SomanyTestClass.RetailerNominationTest@783a467b]" name="State" class="SomanyTestClass.RetailerNominationTest"/>
        <method signature="RetailerNominationTest.District_City()[pri:20, instance:SomanyTestClass.RetailerNominationTest@783a467b]" name="District_City" class="SomanyTestClass.RetailerNominationTest"/>
        <method signature="RetailerNominationTest.pinCode()[pri:21, instance:SomanyTestClass.RetailerNominationTest@783a467b]" name="pinCode" class="SomanyTestClass.RetailerNominationTest"/>
        <method signature="RetailerNominationTest.Regional_Business_manager()[pri:22, instance:SomanyTestClass.RetailerNominationTest@783a467b]" name="Regional_Business_manager" class="SomanyTestClass.RetailerNominationTest"/>
        <method signature="RetailerNominationTest.Remark()[pri:23, instance:SomanyTestClass.RetailerNominationTest@783a467b]" name="Remark" class="SomanyTestClass.RetailerNominationTest"/>
        <method signature="RetailerNominationTest.Visiting_card()[pri:24, instance:SomanyTestClass.RetailerNominationTest@783a467b]" name="Visiting_card" class="SomanyTestClass.RetailerNominationTest"/>
        <method signature="RetailerNominationTest.owner_photo()[pri:25, instance:SomanyTestClass.RetailerNominationTest@783a467b]" name="owner_photo" class="SomanyTestClass.RetailerNominationTest"/>
        <method signature="RetailerNominationTest.shope_photo()[pri:26, instance:SomanyTestClass.RetailerNominationTest@783a467b]" name="shope_photo" class="SomanyTestClass.RetailerNominationTest"/>
        <method signature="RetailerNominationTest.GST_certificate()[pri:27, instance:SomanyTestClass.RetailerNominationTest@783a467b]" name="GST_certificate" class="SomanyTestClass.RetailerNominationTest"/>
        <method signature="RetailerNominationTest.submit()[pri:28, instance:SomanyTestClass.RetailerNominationTest@783a467b]" name="submit" class="SomanyTestClass.RetailerNominationTest"/>
      </group> <!-- f1 -->
      <group name="F2">
        <method signature="loginTest.DistributorNo(java.lang.String)[pri:1, instance:SomanyTestClass.loginTest@273e7444]" name="DistributorNo" class="SomanyTestClass.loginTest"/>
        <method signature="loginTest.sendOTP()[pri:2, instance:SomanyTestClass.loginTest@273e7444]" name="sendOTP" class="SomanyTestClass.loginTest"/>
        <method signature="loginTest.enterOTP(java.lang.String)[pri:3, instance:SomanyTestClass.loginTest@273e7444]" name="enterOTP" class="SomanyTestClass.loginTest"/>
        <method signature="loginTest.submit()[pri:4, instance:SomanyTestClass.loginTest@273e7444]" name="submit" class="SomanyTestClass.loginTest"/>
        <method signature="loginTest.resendOTP()[pri:5, instance:SomanyTestClass.loginTest@273e7444]" name="resendOTP" class="SomanyTestClass.loginTest"/>
      </group> <!-- F2 -->
      <group name="distributor">
        <method signature="loginTest.DistributorNo(java.lang.String)[pri:1, instance:SomanyTestClass.loginTest@273e7444]" name="DistributorNo" class="SomanyTestClass.loginTest"/>
        <method signature="loginTest.sendOTP()[pri:2, instance:SomanyTestClass.loginTest@273e7444]" name="sendOTP" class="SomanyTestClass.loginTest"/>
        <method signature="loginTest.enterOTP(java.lang.String)[pri:3, instance:SomanyTestClass.loginTest@273e7444]" name="enterOTP" class="SomanyTestClass.loginTest"/>
        <method signature="loginTest.submit()[pri:4, instance:SomanyTestClass.loginTest@273e7444]" name="submit" class="SomanyTestClass.loginTest"/>
        <method signature="loginTest.resendOTP()[pri:5, instance:SomanyTestClass.loginTest@273e7444]" name="resendOTP" class="SomanyTestClass.loginTest"/>
      </group> <!-- distributor -->
    </groups>
    <test started-at="2024-07-01T12:41:07 IST" name="Surefire test" finished-at="2024-07-01T12:55:31 IST" duration-ms="864283">
      <class name="SomanyTestClass.loginTest">
        <test-method is-config="true" signature="start()[pri:0, instance:SomanyTestClass.loginTest@273e7444]" started-at="2024-07-01T12:41:07 IST" name="start" finished-at="2024-07-01T12:41:17 IST" duration-ms="10214" status="PASS">
          <reporter-output>
          </reporter-output>
        </test-method> <!-- start -->
        <test-method signature="DistributorNo(java.lang.String)[pri:1, instance:SomanyTestClass.loginTest@273e7444]" started-at="2024-07-01T12:41:17 IST" name="DistributorNo" finished-at="2024-07-01T12:41:17 IST" duration-ms="0" status="FAIL">
          <exception class="org.testng.TestNGException">
            <message>
              <![CDATA[
Parameter 'User' is required by @Test on method DistributorNo but has not been marked @Optional or defined
]]>
            </message>
            <full-stacktrace>
              <![CDATA[org.testng.TestNGException: 
Parameter 'User' is required by @Test on method DistributorNo but has not been marked @Optional or defined

at org.testng.internal.Parameters.createParams(Parameters.java:267)
at org.testng.internal.Parameters.createParametersForMethod(Parameters.java:355)
at org.testng.internal.Parameters.createParameters(Parameters.java:684)
at org.testng.internal.Parameters.handleParameters(Parameters.java:888)
at org.testng.internal.Parameters.handleParameters(Parameters.java:728)
at org.testng.internal.invokers.ParameterHandler.handleParameters(ParameterHandler.java:72)
at org.testng.internal.invokers.ParameterHandler.createParameters(ParameterHandler.java:51)
at org.testng.internal.invokers.TestInvoker$MethodInvocationAgent.invoke(TestInvoker.java:917)
at org.testng.internal.invokers.TestInvoker.invokeTestMethods(TestInvoker.java:194)
at org.testng.internal.invokers.TestMethodWorker.invokeTestMethods(TestMethodWorker.java:148)
at org.testng.internal.invokers.TestMethodWorker.run(TestMethodWorker.java:128)
at java.base/java.util.ArrayList.forEach(ArrayList.java:1511)
at org.testng.TestRunner.privateRun(TestRunner.java:806)
at org.testng.TestRunner.run(TestRunner.java:601)
at org.testng.SuiteRunner.runTest(SuiteRunner.java:433)
at org.testng.SuiteRunner.runSequentially(SuiteRunner.java:427)
at org.testng.SuiteRunner.privateRun(SuiteRunner.java:387)
at org.testng.SuiteRunner.run(SuiteRunner.java:330)
at org.testng.SuiteRunnerWorker.runSuite(SuiteRunnerWorker.java:52)
at org.testng.SuiteRunnerWorker.run(SuiteRunnerWorker.java:95)
at org.testng.TestNG.runSuitesSequentially(TestNG.java:1256)
at org.testng.TestNG.runSuitesLocally(TestNG.java:1176)
at org.testng.TestNG.runSuites(TestNG.java:1099)
at org.testng.TestNG.run(TestNG.java:1067)
at org.apache.maven.surefire.testng.TestNGExecutor.run(TestNGExecutor.java:135)
at org.apache.maven.surefire.testng.TestNGDirectoryTestSuite.executeMulti(TestNGDirectoryTestSuite.java:193)
at org.apache.maven.surefire.testng.TestNGDirectoryTestSuite.execute(TestNGDirectoryTestSuite.java:94)
at org.apache.maven.surefire.testng.TestNGProvider.invoke(TestNGProvider.java:146)
at org.apache.maven.surefire.booter.ForkedBooter.invokeProviderInSameClassLoader(ForkedBooter.java:384)
at org.apache.maven.surefire.booter.ForkedBooter.runSuitesInProcess(ForkedBooter.java:345)
at org.apache.maven.surefire.booter.ForkedBooter.execute(ForkedBooter.java:126)
at org.apache.maven.surefire.booter.ForkedBooter.main(ForkedBooter.java:418)
]]>
            </full-stacktrace>
          </exception> <!-- org.testng.TestNGException -->
          <reporter-output>
          </reporter-output>
        </test-method> <!-- DistributorNo -->
        <test-method signature="mobileNumber(java.lang.String)[pri:1, instance:SomanyTestClass.loginTest@273e7444]" started-at="2024-07-01T12:41:17 IST" name="mobileNumber" data-provider="loginMOBno" finished-at="2024-07-01T12:41:27 IST" duration-ms="9389" status="PASS">
          <params>
            <param index="0">
              <value>
                <![CDATA[]]>
              </value>
            </param>
          </params>
          <reporter-output>
          </reporter-output>
        </test-method> <!-- mobileNumber -->
        <test-method signature="mobileNumber(java.lang.String)[pri:1, instance:SomanyTestClass.loginTest@273e7444]" started-at="2024-07-01T12:41:27 IST" name="mobileNumber" data-provider="loginMOBno" finished-at="2024-07-01T12:41:36 IST" duration-ms="9154" status="PASS">
          <params>
            <param index="0">
              <value>
                <![CDATA[12472415424165]]>
              </value>
            </param>
          </params>
          <reporter-output>
          </reporter-output>
        </test-method> <!-- mobileNumber -->
        <test-method signature="mobileNumber(java.lang.String)[pri:1, instance:SomanyTestClass.loginTest@273e7444]" started-at="2024-07-01T12:41:36 IST" name="mobileNumber" data-provider="loginMOBno" finished-at="2024-07-01T12:41:45 IST" duration-ms="9247" status="PASS">
          <params>
            <param index="0">
              <value>
                <![CDATA[123dhsgg12]]>
              </value>
            </param>
          </params>
          <reporter-output>
          </reporter-output>
        </test-method> <!-- mobileNumber -->
        <test-method signature="mobileNumber(java.lang.String)[pri:1, instance:SomanyTestClass.loginTest@273e7444]" started-at="2024-07-01T12:41:45 IST" name="mobileNumber" data-provider="loginMOBno" finished-at="2024-07-01T12:41:54 IST" duration-ms="8612" status="PASS">
          <params>
            <param index="0">
              <value>
                <![CDATA[sdgfuggbgu]]>
              </value>
            </param>
          </params>
          <reporter-output>
          </reporter-output>
        </test-method> <!-- mobileNumber -->
        <test-method signature="mobileNumber(java.lang.String)[pri:1, instance:SomanyTestClass.loginTest@273e7444]" started-at="2024-07-01T12:41:54 IST" name="mobileNumber" data-provider="loginMOBno" finished-at="2024-07-01T12:42:02 IST" duration-ms="8677" status="PASS">
          <params>
            <param index="0">
              <value>
                <![CDATA[213354678]]>
              </value>
            </param>
          </params>
          <reporter-output>
          </reporter-output>
        </test-method> <!-- mobileNumber -->
        <test-method signature="mobileNumber(java.lang.String)[pri:1, instance:SomanyTestClass.loginTest@273e7444]" started-at="2024-07-01T12:42:02 IST" name="mobileNumber" data-provider="loginMOBno" finished-at="2024-07-01T12:42:11 IST" duration-ms="8700" status="PASS">
          <params>
            <param index="0">
              <value>
                <![CDATA[3425666666]]>
              </value>
            </param>
          </params>
          <reporter-output>
          </reporter-output>
        </test-method> <!-- mobileNumber -->
        <test-method signature="mobileNumber(java.lang.String)[pri:1, instance:SomanyTestClass.loginTest@273e7444]" started-at="2024-07-01T12:42:11 IST" name="mobileNumber" data-provider="loginMOBno" finished-at="2024-07-01T12:42:21 IST" duration-ms="9737" status="FAIL">
          <params>
            <param index="0">
              <value>
                <![CDATA[9021336929]]>
              </value>
            </param>
          </params>
          <exception class="org.openqa.selenium.StaleElementReferenceException">
            <message>
              <![CDATA[The element 'By.xpath: (//android.widget.EditText)[1]' is not linked to the same object in DOM anymore
For documentation on this error, please visit: https://www.selenium.dev/documentation/webdriver/troubleshooting/errors#stale-element-reference-exception
Build info: version: '4.22.0', revision: 'c5f3146703*'
System info: os.name: 'Windows 11', os.arch: 'amd64', os.version: '10.0', java.version: '18.0.2.1'
Driver info: io.appium.java_client.android.AndroidDriver
Command: [fcb48c9d-4377-41bd-a4de-348c31e18db5, clearElement {id=00000000-0000-000c-0000-006500000003}]
Capabilities {appium:automationName: UIAutomator2, appium:databaseEnabled: false, appium:desired: {automationName: UIAutomator2, deviceName: Android SDK built for x86, platformName: ANDROID}, appium:deviceApiLevel: 31, appium:deviceManufacturer: Google, appium:deviceModel: sdk_gphone64_x86_64, appium:deviceName: emulator-5554, appium:deviceScreenDensity: 560, appium:deviceScreenSize: 1440x3120, appium:deviceUDID: emulator-5554, appium:javascriptEnabled: true, appium:locationContextEnabled: false, appium:networkConnectionEnabled: true, appium:pixelRatio: 3.5, appium:platformVersion: 12, appium:statBarHeight: 84, appium:takesScreenshot: true, appium:viewportRect: {height: 2868, left: 0, top: 84, width: 1440}, appium:warnings: {}, appium:webStorageEnabled: false, platformName: ANDROID}
Element: [[AndroidDriver:  on ANDROID (fcb48c9d-4377-41bd-a4de-348c31e18db5)] -> xpath: (//android.widget.EditText)[1]]
Session ID: fcb48c9d-4377-41bd-a4de-348c31e18db5]]>
            </message>
            <full-stacktrace>
              <![CDATA[org.openqa.selenium.StaleElementReferenceException: The element 'By.xpath: (//android.widget.EditText)[1]' is not linked to the same object in DOM anymore
For documentation on this error, please visit: https://www.selenium.dev/documentation/webdriver/troubleshooting/errors#stale-element-reference-exception
Build info: version: '4.22.0', revision: 'c5f3146703*'
System info: os.name: 'Windows 11', os.arch: 'amd64', os.version: '10.0', java.version: '18.0.2.1'
Driver info: io.appium.java_client.android.AndroidDriver
Command: [fcb48c9d-4377-41bd-a4de-348c31e18db5, clearElement {id=00000000-0000-000c-0000-006500000003}]
Capabilities {appium:automationName: UIAutomator2, appium:databaseEnabled: false, appium:desired: {automationName: UIAutomator2, deviceName: Android SDK built for x86, platformName: ANDROID}, appium:deviceApiLevel: 31, appium:deviceManufacturer: Google, appium:deviceModel: sdk_gphone64_x86_64, appium:deviceName: emulator-5554, appium:deviceScreenDensity: 560, appium:deviceScreenSize: 1440x3120, appium:deviceUDID: emulator-5554, appium:javascriptEnabled: true, appium:locationContextEnabled: false, appium:networkConnectionEnabled: true, appium:pixelRatio: 3.5, appium:platformVersion: 12, appium:statBarHeight: 84, appium:takesScreenshot: true, appium:viewportRect: {height: 2868, left: 0, top: 84, width: 1440}, appium:warnings: {}, appium:webStorageEnabled: false, platformName: ANDROID}
Element: [[AndroidDriver:  on ANDROID (fcb48c9d-4377-41bd-a4de-348c31e18db5)] -> xpath: (//android.widget.EditText)[1]]
Session ID: fcb48c9d-4377-41bd-a4de-348c31e18db5
at java.base/jdk.internal.reflect.DirectConstructorHandleAccessor.newInstance(DirectConstructorHandleAccessor.java:67)
at java.base/java.lang.reflect.Constructor.newInstanceWithCaller(Constructor.java:499)
at java.base/java.lang.reflect.Constructor.newInstance(Constructor.java:483)
at org.openqa.selenium.remote.codec.w3c.W3CHttpResponseCodec.createException(W3CHttpResponseCodec.java:200)
at org.openqa.selenium.remote.codec.w3c.W3CHttpResponseCodec.decode(W3CHttpResponseCodec.java:133)
at org.openqa.selenium.remote.codec.w3c.W3CHttpResponseCodec.decode(W3CHttpResponseCodec.java:52)
at org.openqa.selenium.remote.HttpCommandExecutor.execute(HttpCommandExecutor.java:191)
at io.appium.java_client.remote.AppiumCommandExecutor.execute(AppiumCommandExecutor.java:262)
at org.openqa.selenium.remote.RemoteWebDriver.execute(RemoteWebDriver.java:602)
at org.openqa.selenium.remote.RemoteWebElement.execute(RemoteWebElement.java:224)
at org.openqa.selenium.remote.RemoteWebElement.clear(RemoteWebElement.java:130)
at java.base/jdk.internal.reflect.DirectMethodHandleAccessor.invoke(DirectMethodHandleAccessor.java:104)
at java.base/java.lang.reflect.Method.invoke(Method.java:577)
at org.openqa.selenium.support.pagefactory.internal.LocatingElementHandler.invoke(LocatingElementHandler.java:51)
at jdk.proxy2/jdk.proxy2.$Proxy13.clear(Unknown Source)
at Android.loginPage.Mob_clear(loginPage.java:50)
at SomanyTestClass.loginTest.mobileNumber(loginTest.java:22)
at java.base/jdk.internal.reflect.DirectMethodHandleAccessor.invoke(DirectMethodHandleAccessor.java:104)
at java.base/java.lang.reflect.Method.invoke(Method.java:577)
at org.testng.internal.invokers.MethodInvocationHelper.invokeMethod(MethodInvocationHelper.java:139)
at org.testng.internal.invokers.TestInvoker.invokeMethod(TestInvoker.java:677)
at org.testng.internal.invokers.TestInvoker.invokeTestMethod(TestInvoker.java:221)
at org.testng.internal.invokers.MethodRunner.runInSequence(MethodRunner.java:50)
at org.testng.internal.invokers.TestInvoker$MethodInvocationAgent.invoke(TestInvoker.java:962)
at org.testng.internal.invokers.TestInvoker.invokeTestMethods(TestInvoker.java:194)
at org.testng.internal.invokers.TestMethodWorker.invokeTestMethods(TestMethodWorker.java:148)
at org.testng.internal.invokers.TestMethodWorker.run(TestMethodWorker.java:128)
at java.base/java.util.ArrayList.forEach(ArrayList.java:1511)
at org.testng.TestRunner.privateRun(TestRunner.java:806)
at org.testng.TestRunner.run(TestRunner.java:601)
at org.testng.SuiteRunner.runTest(SuiteRunner.java:433)
at org.testng.SuiteRunner.runSequentially(SuiteRunner.java:427)
at org.testng.SuiteRunner.privateRun(SuiteRunner.java:387)
at org.testng.SuiteRunner.run(SuiteRunner.java:330)
at org.testng.SuiteRunnerWorker.runSuite(SuiteRunnerWorker.java:52)
at org.testng.SuiteRunnerWorker.run(SuiteRunnerWorker.java:95)
at org.testng.TestNG.runSuitesSequentially(TestNG.java:1256)
at org.testng.TestNG.runSuitesLocally(TestNG.java:1176)
at org.testng.TestNG.runSuites(TestNG.java:1099)
at org.testng.TestNG.run(TestNG.java:1067)
at org.apache.maven.surefire.testng.TestNGExecutor.run(TestNGExecutor.java:135)
at org.apache.maven.surefire.testng.TestNGDirectoryTestSuite.executeMulti(TestNGDirectoryTestSuite.java:193)
at org.apache.maven.surefire.testng.TestNGDirectoryTestSuite.execute(TestNGDirectoryTestSuite.java:94)
at org.apache.maven.surefire.testng.TestNGProvider.invoke(TestNGProvider.java:146)
at org.apache.maven.surefire.booter.ForkedBooter.invokeProviderInSameClassLoader(ForkedBooter.java:384)
at org.apache.maven.surefire.booter.ForkedBooter.runSuitesInProcess(ForkedBooter.java:345)
at org.apache.maven.surefire.booter.ForkedBooter.execute(ForkedBooter.java:126)
at org.apache.maven.surefire.booter.ForkedBooter.main(ForkedBooter.java:418)
]]>
            </full-stacktrace>
          </exception> <!-- org.openqa.selenium.StaleElementReferenceException -->
          <reporter-output>
          </reporter-output>
        </test-method> <!-- mobileNumber -->
        <test-method signature="sendOTP()[pri:2, instance:SomanyTestClass.loginTest@273e7444]" started-at="2024-07-01T12:42:21 IST" name="sendOTP" finished-at="2024-07-01T12:42:21 IST" duration-ms="3" status="PASS">
          <reporter-output>
          </reporter-output>
        </test-method> <!-- sendOTP -->
        <test-method signature="enterOTP(java.lang.String)[pri:3, instance:SomanyTestClass.loginTest@273e7444]" started-at="2024-07-01T12:42:21 IST" name="enterOTP" data-provider="loginOTP" finished-at="2024-07-01T12:42:26 IST" duration-ms="4690" status="PASS">
          <params>
            <param index="0">
              <value>
                <![CDATA[]]>
              </value>
            </param>
          </params>
          <reporter-output>
          </reporter-output>
        </test-method> <!-- enterOTP -->
        <test-method signature="enterOTP(java.lang.String)[pri:3, instance:SomanyTestClass.loginTest@273e7444]" started-at="2024-07-01T12:42:26 IST" name="enterOTP" data-provider="loginOTP" finished-at="2024-07-01T12:42:33 IST" duration-ms="7061" status="PASS">
          <params>
            <param index="0">
              <value>
                <![CDATA[124724]]>
              </value>
            </param>
          </params>
          <reporter-output>
          </reporter-output>
        </test-method> <!-- enterOTP -->
        <test-method signature="enterOTP(java.lang.String)[pri:3, instance:SomanyTestClass.loginTest@273e7444]" started-at="2024-07-01T12:42:33 IST" name="enterOTP" data-provider="loginOTP" finished-at="2024-07-01T12:42:39 IST" duration-ms="6145" status="PASS">
          <params>
            <param index="0">
              <value>
                <![CDATA[123dhsgg12]]>
              </value>
            </param>
          </params>
          <reporter-output>
          </reporter-output>
        </test-method> <!-- enterOTP -->
        <test-method signature="enterOTP(java.lang.String)[pri:3, instance:SomanyTestClass.loginTest@273e7444]" started-at="2024-07-01T12:42:39 IST" name="enterOTP" data-provider="loginOTP" finished-at="2024-07-01T12:42:44 IST" duration-ms="5205" status="PASS">
          <params>
            <param index="0">
              <value>
                <![CDATA[sdgfuggbgu]]>
              </value>
            </param>
          </params>
          <reporter-output>
          </reporter-output>
        </test-method> <!-- enterOTP -->
        <test-method signature="enterOTP(java.lang.String)[pri:3, instance:SomanyTestClass.loginTest@273e7444]" started-at="2024-07-01T12:42:44 IST" name="enterOTP" data-provider="loginOTP" finished-at="2024-07-01T12:42:51 IST" duration-ms="7311" status="PASS">
          <params>
            <param index="0">
              <value>
                <![CDATA[2133]]>
              </value>
            </param>
          </params>
          <reporter-output>
          </reporter-output>
        </test-method> <!-- enterOTP -->
        <test-method signature="enterOTP(java.lang.String)[pri:3, instance:SomanyTestClass.loginTest@273e7444]" started-at="2024-07-01T12:42:51 IST" name="enterOTP" data-provider="loginOTP" finished-at="2024-07-01T12:42:56 IST" duration-ms="4613" status="FAIL">
          <params>
            <param index="0">
              <value>
                <![CDATA[1111]]>
              </value>
            </param>
          </params>
          <exception class="org.openqa.selenium.NoSuchElementException">
            <message>
              <![CDATA[An element could not be located on the page using the given search parameters.
For documentation on this error, please visit: https://www.selenium.dev/documentation/webdriver/troubleshooting/errors#no-such-element-exception
Build info: version: '4.22.0', revision: 'c5f3146703*'
System info: os.name: 'Windows 11', os.arch: 'amd64', os.version: '10.0', java.version: '18.0.2.1'
Driver info: io.appium.java_client.android.AndroidDriver
Command: [fcb48c9d-4377-41bd-a4de-348c31e18db5, findElement {using=xpath, value=//android.widget.EditText}]
Capabilities {appium:automationName: UIAutomator2, appium:databaseEnabled: false, appium:desired: {automationName: UIAutomator2, deviceName: Android SDK built for x86, platformName: ANDROID}, appium:deviceApiLevel: 31, appium:deviceManufacturer: Google, appium:deviceModel: sdk_gphone64_x86_64, appium:deviceName: emulator-5554, appium:deviceScreenDensity: 560, appium:deviceScreenSize: 1440x3120, appium:deviceUDID: emulator-5554, appium:javascriptEnabled: true, appium:locationContextEnabled: false, appium:networkConnectionEnabled: true, appium:pixelRatio: 3.5, appium:platformVersion: 12, appium:statBarHeight: 84, appium:takesScreenshot: true, appium:viewportRect: {height: 2868, left: 0, top: 84, width: 1440}, appium:warnings: {}, appium:webStorageEnabled: false, platformName: ANDROID}
Session ID: fcb48c9d-4377-41bd-a4de-348c31e18db5]]>
            </message>
            <full-stacktrace>
              <![CDATA[org.openqa.selenium.NoSuchElementException: An element could not be located on the page using the given search parameters.
For documentation on this error, please visit: https://www.selenium.dev/documentation/webdriver/troubleshooting/errors#no-such-element-exception
Build info: version: '4.22.0', revision: 'c5f3146703*'
System info: os.name: 'Windows 11', os.arch: 'amd64', os.version: '10.0', java.version: '18.0.2.1'
Driver info: io.appium.java_client.android.AndroidDriver
Command: [fcb48c9d-4377-41bd-a4de-348c31e18db5, findElement {using=xpath, value=//android.widget.EditText}]
Capabilities {appium:automationName: UIAutomator2, appium:databaseEnabled: false, appium:desired: {automationName: UIAutomator2, deviceName: Android SDK built for x86, platformName: ANDROID}, appium:deviceApiLevel: 31, appium:deviceManufacturer: Google, appium:deviceModel: sdk_gphone64_x86_64, appium:deviceName: emulator-5554, appium:deviceScreenDensity: 560, appium:deviceScreenSize: 1440x3120, appium:deviceUDID: emulator-5554, appium:javascriptEnabled: true, appium:locationContextEnabled: false, appium:networkConnectionEnabled: true, appium:pixelRatio: 3.5, appium:platformVersion: 12, appium:statBarHeight: 84, appium:takesScreenshot: true, appium:viewportRect: {height: 2868, left: 0, top: 84, width: 1440}, appium:warnings: {}, appium:webStorageEnabled: false, platformName: ANDROID}
Session ID: fcb48c9d-4377-41bd-a4de-348c31e18db5
at java.base/jdk.internal.reflect.DirectConstructorHandleAccessor.newInstance(DirectConstructorHandleAccessor.java:67)
at java.base/java.lang.reflect.Constructor.newInstanceWithCaller(Constructor.java:499)
at java.base/java.lang.reflect.Constructor.newInstance(Constructor.java:483)
at org.openqa.selenium.remote.codec.w3c.W3CHttpResponseCodec.createException(W3CHttpResponseCodec.java:200)
at org.openqa.selenium.remote.codec.w3c.W3CHttpResponseCodec.decode(W3CHttpResponseCodec.java:133)
at org.openqa.selenium.remote.codec.w3c.W3CHttpResponseCodec.decode(W3CHttpResponseCodec.java:52)
at org.openqa.selenium.remote.HttpCommandExecutor.execute(HttpCommandExecutor.java:191)
at io.appium.java_client.remote.AppiumCommandExecutor.execute(AppiumCommandExecutor.java:262)
at org.openqa.selenium.remote.RemoteWebDriver.execute(RemoteWebDriver.java:602)
at org.openqa.selenium.remote.ElementLocation$ElementFinder$2.findElement(ElementLocation.java:165)
at org.openqa.selenium.remote.ElementLocation.findElement(ElementLocation.java:59)
at org.openqa.selenium.remote.RemoteWebDriver.findElement(RemoteWebDriver.java:359)
at org.openqa.selenium.remote.RemoteWebDriver.findElement(RemoteWebDriver.java:353)
at org.openqa.selenium.support.pagefactory.DefaultElementLocator.findElement(DefaultElementLocator.java:68)
at org.openqa.selenium.support.pagefactory.internal.LocatingElementHandler.invoke(LocatingElementHandler.java:38)
at jdk.proxy2/jdk.proxy2.$Proxy13.click(Unknown Source)
at Android.loginPage.OTP_clear(loginPage.java:58)
at SomanyTestClass.loginTest.enterOTP(loginTest.java:48)
at java.base/jdk.internal.reflect.DirectMethodHandleAccessor.invoke(DirectMethodHandleAccessor.java:104)
at java.base/java.lang.reflect.Method.invoke(Method.java:577)
at org.testng.internal.invokers.MethodInvocationHelper.invokeMethod(MethodInvocationHelper.java:139)
at org.testng.internal.invokers.TestInvoker.invokeMethod(TestInvoker.java:677)
at org.testng.internal.invokers.TestInvoker.invokeTestMethod(TestInvoker.java:221)
at org.testng.internal.invokers.MethodRunner.runInSequence(MethodRunner.java:50)
at org.testng.internal.invokers.TestInvoker$MethodInvocationAgent.invoke(TestInvoker.java:962)
at org.testng.internal.invokers.TestInvoker.invokeTestMethods(TestInvoker.java:194)
at org.testng.internal.invokers.TestMethodWorker.invokeTestMethods(TestMethodWorker.java:148)
at org.testng.internal.invokers.TestMethodWorker.run(TestMethodWorker.java:128)
at java.base/java.util.ArrayList.forEach(ArrayList.java:1511)
at org.testng.TestRunner.privateRun(TestRunner.java:806)
at org.testng.TestRunner.run(TestRunner.java:601)
at org.testng.SuiteRunner.runTest(SuiteRunner.java:433)
at org.testng.SuiteRunner.runSequentially(SuiteRunner.java:427)
at org.testng.SuiteRunner.privateRun(SuiteRunner.java:387)
at org.testng.SuiteRunner.run(SuiteRunner.java:330)
at org.testng.SuiteRunnerWorker.runSuite(SuiteRunnerWorker.java:52)
at org.testng.SuiteRunnerWorker.run(SuiteRunnerWorker.java:95)
at org.testng.TestNG.runSuitesSequentially(TestNG.java:1256)
at org.testng.TestNG.runSuitesLocally(TestNG.java:1176)
at org.testng.TestNG.runSuites(TestNG.java:1099)
at org.testng.TestNG.run(TestNG.java:1067)
at org.apache.maven.surefire.testng.TestNGExecutor.run(TestNGExecutor.java:135)
at org.apache.maven.surefire.testng.TestNGDirectoryTestSuite.executeMulti(TestNGDirectoryTestSuite.java:193)
at org.apache.maven.surefire.testng.TestNGDirectoryTestSuite.execute(TestNGDirectoryTestSuite.java:94)
at org.apache.maven.surefire.testng.TestNGProvider.invoke(TestNGProvider.java:146)
at org.apache.maven.surefire.booter.ForkedBooter.invokeProviderInSameClassLoader(ForkedBooter.java:384)
at org.apache.maven.surefire.booter.ForkedBooter.runSuitesInProcess(ForkedBooter.java:345)
at org.apache.maven.surefire.booter.ForkedBooter.execute(ForkedBooter.java:126)
at org.apache.maven.surefire.booter.ForkedBooter.main(ForkedBooter.java:418)
]]>
            </full-stacktrace>
          </exception> <!-- org.openqa.selenium.NoSuchElementException -->
          <reporter-output>
          </reporter-output>
        </test-method> <!-- enterOTP -->
        <test-method signature="submit()[pri:4, instance:SomanyTestClass.loginTest@273e7444]" started-at="2024-07-01T12:42:56 IST" name="submit" finished-at="2024-07-01T12:42:56 IST" duration-ms="3" status="PASS">
          <reporter-output>
          </reporter-output>
        </test-method> <!-- submit -->
        <test-method signature="resendOTP()[pri:5, instance:SomanyTestClass.loginTest@273e7444]" started-at="2024-07-01T12:42:56 IST" name="resendOTP" finished-at="2024-07-01T12:42:56 IST" duration-ms="8" status="PASS">
          <reporter-output>
          </reporter-output>
        </test-method> <!-- resendOTP -->
        <test-method is-config="true" signature="sendEmailWithAttachment()[pri:0, instance:SomanyTestClass.loginTest@273e7444]" started-at="2024-07-01T12:42:56 IST" name="sendEmailWithAttachment" finished-at="2024-07-01T12:42:56 IST" duration-ms="3" status="PASS">
          <reporter-output>
          </reporter-output>
        </test-method> <!-- sendEmailWithAttachment -->
      </class> <!-- SomanyTestClass.loginTest -->
      <class name="SomanyTestClass.RedumptionFlowTest">
        <test-method is-config="true" signature="start()[pri:0, instance:SomanyTestClass.RedumptionFlowTest@7db12bb6]" started-at="2024-07-01T12:42:56 IST" name="start" finished-at="2024-07-01T12:43:07 IST" duration-ms="11332" status="PASS">
          <reporter-output>
          </reporter-output>
        </test-method> <!-- start -->
        <test-method signature="Reward()[pri:1, instance:SomanyTestClass.RedumptionFlowTest@7db12bb6]" started-at="2024-07-01T12:43:07 IST" name="Reward" finished-at="2024-07-01T12:43:10 IST" duration-ms="2747" status="PASS">
          <reporter-output>
          </reporter-output>
        </test-method> <!-- Reward -->
        <test-method signature="products()[pri:2, instance:SomanyTestClass.RedumptionFlowTest@7db12bb6]" started-at="2024-07-01T12:43:10 IST" name="products" finished-at="2024-07-01T12:43:12 IST" duration-ms="2147" status="PASS">
          <reporter-output>
          </reporter-output>
        </test-method> <!-- products -->
        <test-method signature="FilterBy()[pri:3, instance:SomanyTestClass.RedumptionFlowTest@7db12bb6]" started-at="2024-07-01T12:43:12 IST" name="FilterBy" finished-at="2024-07-01T12:43:13 IST" duration-ms="633" status="PASS">
          <reporter-output>
          </reporter-output>
        </test-method> <!-- FilterBy -->
        <test-method signature="dropdown()[pri:4, instance:SomanyTestClass.RedumptionFlowTest@7db12bb6]" started-at="2024-07-01T12:43:13 IST" name="dropdown" finished-at="2024-07-01T12:43:16 IST" duration-ms="3644" status="PASS">
          <reporter-output>
          </reporter-output>
        </test-method> <!-- dropdown -->
        <test-method signature="product()[pri:5, instance:SomanyTestClass.RedumptionFlowTest@7db12bb6]" started-at="2024-07-01T12:43:16 IST" name="product" finished-at="2024-07-01T12:43:17 IST" duration-ms="670" status="PASS">
          <reporter-output>
          </reporter-output>
        </test-method> <!-- product -->
        <test-method signature="addtocart()[pri:6, instance:SomanyTestClass.RedumptionFlowTest@7db12bb6]" started-at="2024-07-01T12:43:17 IST" name="addtocart" finished-at="2024-07-01T12:43:17 IST" duration-ms="201" status="PASS">
          <reporter-output>
          </reporter-output>
        </test-method> <!-- addtocart -->
        <test-method signature="cart()[pri:7, instance:SomanyTestClass.RedumptionFlowTest@7db12bb6]" started-at="2024-07-01T12:43:17 IST" name="cart" finished-at="2024-07-01T12:43:19 IST" duration-ms="1983" status="PASS">
          <reporter-output>
          </reporter-output>
        </test-method> <!-- cart -->
        <test-method signature="back()[pri:8, instance:SomanyTestClass.RedumptionFlowTest@7db12bb6]" started-at="2024-07-01T12:43:19 IST" name="back" finished-at="2024-07-01T12:43:22 IST" duration-ms="2434" status="PASS">
          <reporter-output>
          </reporter-output>
        </test-method> <!-- back -->
        <test-method signature="searchForanotherProduct()[pri:9, instance:SomanyTestClass.RedumptionFlowTest@7db12bb6]" started-at="2024-07-01T12:43:22 IST" name="searchForanotherProduct" finished-at="2024-07-01T12:43:23 IST" duration-ms="1550" status="PASS">
          <reporter-output>
          </reporter-output>
        </test-method> <!-- searchForanotherProduct -->
        <test-method signature="FilterForList()[pri:10, instance:SomanyTestClass.RedumptionFlowTest@7db12bb6]" started-at="2024-07-01T12:43:23 IST" name="FilterForList" finished-at="2024-07-01T12:43:23 IST" duration-ms="123" status="PASS">
          <reporter-output>
          </reporter-output>
        </test-method> <!-- FilterForList -->
        <test-method signature="dropdownList()[pri:11, instance:SomanyTestClass.RedumptionFlowTest@7db12bb6]" started-at="2024-07-01T12:43:23 IST" name="dropdownList" finished-at="2024-07-01T12:43:25 IST" duration-ms="1807" status="PASS">
          <reporter-output>
          </reporter-output>
        </test-method> <!-- dropdownList -->
        <test-method signature="AnotherProduct()[pri:12, instance:SomanyTestClass.RedumptionFlowTest@7db12bb6]" started-at="2024-07-01T12:43:25 IST" name="AnotherProduct" finished-at="2024-07-01T12:43:27 IST" duration-ms="2146" status="PASS">
          <reporter-output>
          </reporter-output>
        </test-method> <!-- AnotherProduct -->
        <test-method signature="QuantityIncrease()[pri:13, instance:SomanyTestClass.RedumptionFlowTest@7db12bb6]" started-at="2024-07-01T12:43:27 IST" name="QuantityIncrease" finished-at="2024-07-01T12:43:29 IST" duration-ms="1121" status="PASS">
          <reporter-output>
          </reporter-output>
        </test-method> <!-- QuantityIncrease -->
        <test-method signature="QuantityIncrease()[pri:13, instance:SomanyTestClass.RedumptionFlowTest@7db12bb6]" started-at="2024-07-01T12:43:29 IST" name="QuantityIncrease" finished-at="2024-07-01T12:43:29 IST" duration-ms="621" status="PASS">
          <reporter-output>
          </reporter-output>
        </test-method> <!-- QuantityIncrease -->
        <test-method signature="QuantityIncrease()[pri:13, instance:SomanyTestClass.RedumptionFlowTest@7db12bb6]" started-at="2024-07-01T12:43:29 IST" name="QuantityIncrease" finished-at="2024-07-01T12:43:29 IST" duration-ms="112" status="PASS">
          <reporter-output>
          </reporter-output>
        </test-method> <!-- QuantityIncrease -->
        <test-method signature="QuantityIncrease()[pri:13, instance:SomanyTestClass.RedumptionFlowTest@7db12bb6]" started-at="2024-07-01T12:43:29 IST" name="QuantityIncrease" finished-at="2024-07-01T12:43:30 IST" duration-ms="599" status="PASS">
          <reporter-output>
          </reporter-output>
        </test-method> <!-- QuantityIncrease -->
        <test-method signature="QuantityDecrease()[pri:14, instance:SomanyTestClass.RedumptionFlowTest@7db12bb6]" started-at="2024-07-01T12:43:30 IST" name="QuantityDecrease" finished-at="2024-07-01T12:43:30 IST" duration-ms="597" status="PASS">
          <reporter-output>
          </reporter-output>
        </test-method> <!-- QuantityDecrease -->
        <test-method signature="QuantityDecrease()[pri:14, instance:SomanyTestClass.RedumptionFlowTest@7db12bb6]" started-at="2024-07-01T12:43:30 IST" name="QuantityDecrease" finished-at="2024-07-01T12:43:32 IST" duration-ms="2036" status="PASS">
          <reporter-output>
          </reporter-output>
        </test-method> <!-- QuantityDecrease -->
        <test-method signature="QuantityDecrease()[pri:14, instance:SomanyTestClass.RedumptionFlowTest@7db12bb6]" started-at="2024-07-01T12:43:32 IST" name="QuantityDecrease" finished-at="2024-07-01T12:43:33 IST" duration-ms="123" status="PASS">
          <reporter-output>
          </reporter-output>
        </test-method> <!-- QuantityDecrease -->
        <test-method signature="AddanotherProducttocart()[pri:15, instance:SomanyTestClass.RedumptionFlowTest@7db12bb6]" started-at="2024-07-01T12:43:33 IST" name="AddanotherProducttocart" finished-at="2024-07-01T12:43:33 IST" duration-ms="656" status="PASS">
          <reporter-output>
          </reporter-output>
        </test-method> <!-- AddanotherProducttocart -->
        <test-method signature="getCountfrom_CartIcon()[pri:16, instance:SomanyTestClass.RedumptionFlowTest@7db12bb6]" started-at="2024-07-01T12:43:33 IST" name="getCountfrom_CartIcon" finished-at="2024-07-01T12:43:34 IST" duration-ms="713" status="PASS">
          <reporter-output>
          </reporter-output>
        </test-method> <!-- getCountfrom_CartIcon -->
        <test-method signature="cart2()[pri:17, instance:SomanyTestClass.RedumptionFlowTest@7db12bb6]" started-at="2024-07-01T12:43:34 IST" name="cart2" finished-at="2024-07-01T12:43:34 IST" duration-ms="115" status="PASS">
          <reporter-output>
          </reporter-output>
        </test-method> <!-- cart2 -->
        <test-method signature="delete_1_product_fromCart()[pri:18, instance:SomanyTestClass.RedumptionFlowTest@7db12bb6]" started-at="2024-07-01T12:43:34 IST" name="delete_1_product_fromCart" finished-at="2024-07-01T12:43:35 IST" duration-ms="1225" status="PASS">
          <reporter-output>
          </reporter-output>
        </test-method> <!-- delete_1_product_fromCart -->
        <test-method signature="place_order()[pri:19, instance:SomanyTestClass.RedumptionFlowTest@7db12bb6]" started-at="2024-07-01T12:43:35 IST" name="place_order" finished-at="2024-07-01T12:43:36 IST" duration-ms="710" status="PASS">
          <reporter-output>
          </reporter-output>
        </test-method> <!-- place_order -->
        <test-method signature="Shipping_adress()[pri:20, instance:SomanyTestClass.RedumptionFlowTest@7db12bb6]" started-at="2024-07-01T12:43:36 IST" name="Shipping_adress" finished-at="2024-07-01T12:43:36 IST" duration-ms="174" status="PASS">
          <reporter-output>
          </reporter-output>
        </test-method> <!-- Shipping_adress -->
        <test-method signature="Shipping_adressINFO()[pri:21, instance:SomanyTestClass.RedumptionFlowTest@7db12bb6]" started-at="2024-07-01T12:43:36 IST" name="Shipping_adressINFO" finished-at="2024-07-01T12:44:28 IST" duration-ms="51989" status="PASS">
          <reporter-output>
          </reporter-output>
        </test-method> <!-- Shipping_adressINFO -->
        <test-method signature="email()[pri:22, instance:SomanyTestClass.RedumptionFlowTest@7db12bb6]" started-at="2024-07-01T12:44:28 IST" name="email" finished-at="2024-07-01T12:44:32 IST" duration-ms="3966" status="PASS">
          <reporter-output>
          </reporter-output>
        </test-method> <!-- email -->
        <test-method signature="SAadress()[pri:23, instance:SomanyTestClass.RedumptionFlowTest@7db12bb6]" started-at="2024-07-01T12:44:32 IST" name="SAadress" finished-at="2024-07-01T12:44:37 IST" duration-ms="4701" status="PASS">
          <reporter-output>
          </reporter-output>
        </test-method> <!-- SAadress -->
        <test-method signature="State()[pri:24, instance:SomanyTestClass.RedumptionFlowTest@7db12bb6]" started-at="2024-07-01T12:44:37 IST" name="State" finished-at="2024-07-01T12:44:40 IST" duration-ms="3071" status="PASS">
          <reporter-output>
          </reporter-output>
        </test-method> <!-- State -->
        <test-method signature="ScrollToDistrict()[pri:25, instance:SomanyTestClass.RedumptionFlowTest@7db12bb6]" started-at="2024-07-01T12:44:40 IST" name="ScrollToDistrict" finished-at="2024-07-01T12:44:44 IST" duration-ms="4048" status="PASS">
          <reporter-output>
          </reporter-output>
        </test-method> <!-- ScrollToDistrict -->
        <test-method signature="District()[pri:26, instance:SomanyTestClass.RedumptionFlowTest@7db12bb6]" started-at="2024-07-01T12:44:44 IST" name="District" finished-at="2024-07-01T12:44:47 IST" duration-ms="2786" status="FAIL">
          <exception class="java.lang.IndexOutOfBoundsException">
            <message>
              <![CDATA[Index 2 out of bounds for length 2]]>
            </message>
            <full-stacktrace>
              <![CDATA[java.lang.IndexOutOfBoundsException: Index 2 out of bounds for length 2
at java.base/jdk.internal.util.Preconditions.outOfBounds(Preconditions.java:100)
at java.base/jdk.internal.util.Preconditions.outOfBoundsCheckIndex(Preconditions.java:106)
at java.base/jdk.internal.util.Preconditions.checkIndex(Preconditions.java:302)
at java.base/java.util.Objects.checkIndex(Objects.java:359)
at java.base/java.util.ArrayList.get(ArrayList.java:427)
at java.base/jdk.internal.reflect.DirectMethodHandleAccessor.invoke(DirectMethodHandleAccessor.java:104)
at java.base/java.lang.reflect.Method.invoke(Method.java:577)
at org.openqa.selenium.support.pagefactory.internal.LocatingElementListHandler.invoke(LocatingElementListHandler.java:39)
at jdk.proxy2/jdk.proxy2.$Proxy14.get(Unknown Source)
at Android.RedumptionFlowPage.clickFirstOptionInDropdown(RedumptionFlowPage.java:194)
at SomanyTestClass.RedumptionFlowTest.District(RedumptionFlowTest.java:169)
at java.base/jdk.internal.reflect.DirectMethodHandleAccessor.invoke(DirectMethodHandleAccessor.java:104)
at java.base/java.lang.reflect.Method.invoke(Method.java:577)
at org.testng.internal.invokers.MethodInvocationHelper.invokeMethod(MethodInvocationHelper.java:139)
at org.testng.internal.invokers.TestInvoker.invokeMethod(TestInvoker.java:677)
at org.testng.internal.invokers.TestInvoker.invokeTestMethod(TestInvoker.java:221)
at org.testng.internal.invokers.MethodRunner.runInSequence(MethodRunner.java:50)
at org.testng.internal.invokers.TestInvoker$MethodInvocationAgent.invoke(TestInvoker.java:962)
at org.testng.internal.invokers.TestInvoker.invokeTestMethods(TestInvoker.java:194)
at org.testng.internal.invokers.TestMethodWorker.invokeTestMethods(TestMethodWorker.java:148)
at org.testng.internal.invokers.TestMethodWorker.run(TestMethodWorker.java:128)
at java.base/java.util.ArrayList.forEach(ArrayList.java:1511)
at org.testng.TestRunner.privateRun(TestRunner.java:806)
at org.testng.TestRunner.run(TestRunner.java:601)
at org.testng.SuiteRunner.runTest(SuiteRunner.java:433)
at org.testng.SuiteRunner.runSequentially(SuiteRunner.java:427)
at org.testng.SuiteRunner.privateRun(SuiteRunner.java:387)
at org.testng.SuiteRunner.run(SuiteRunner.java:330)
at org.testng.SuiteRunnerWorker.runSuite(SuiteRunnerWorker.java:52)
at org.testng.SuiteRunnerWorker.run(SuiteRunnerWorker.java:95)
at org.testng.TestNG.runSuitesSequentially(TestNG.java:1256)
at org.testng.TestNG.runSuitesLocally(TestNG.java:1176)
at org.testng.TestNG.runSuites(TestNG.java:1099)
at org.testng.TestNG.run(TestNG.java:1067)
at org.apache.maven.surefire.testng.TestNGExecutor.run(TestNGExecutor.java:135)
at org.apache.maven.surefire.testng.TestNGDirectoryTestSuite.executeMulti(TestNGDirectoryTestSuite.java:193)
at org.apache.maven.surefire.testng.TestNGDirectoryTestSuite.execute(TestNGDirectoryTestSuite.java:94)
at org.apache.maven.surefire.testng.TestNGProvider.invoke(TestNGProvider.java:146)
at org.apache.maven.surefire.booter.ForkedBooter.invokeProviderInSameClassLoader(ForkedBooter.java:384)
at org.apache.maven.surefire.booter.ForkedBooter.runSuitesInProcess(ForkedBooter.java:345)
at org.apache.maven.surefire.booter.ForkedBooter.execute(ForkedBooter.java:126)
at org.apache.maven.surefire.booter.ForkedBooter.main(ForkedBooter.java:418)
]]>
            </full-stacktrace>
          </exception> <!-- java.lang.IndexOutOfBoundsException -->
          <reporter-output>
          </reporter-output>
        </test-method> <!-- District -->
        <test-method signature="ScrollToPINCODE()[pri:27, instance:SomanyTestClass.RedumptionFlowTest@7db12bb6]" started-at="2024-07-01T12:44:47 IST" name="ScrollToPINCODE" finished-at="2024-07-01T12:44:51 IST" duration-ms="3989" status="PASS">
          <reporter-output>
          </reporter-output>
        </test-method> <!-- ScrollToPINCODE -->
        <test-method signature="PINCODE()[pri:28, instance:SomanyTestClass.RedumptionFlowTest@7db12bb6]" started-at="2024-07-01T12:44:51 IST" name="PINCODE" finished-at="2024-07-01T12:44:53 IST" duration-ms="2069" status="FAIL">
          <exception class="org.openqa.selenium.NoSuchElementException">
            <message>
              <![CDATA[An element could not be located on the page using the given search parameters.
For documentation on this error, please visit: https://www.selenium.dev/documentation/webdriver/troubleshooting/errors#no-such-element-exception
Build info: version: '4.22.0', revision: 'c5f3146703*'
System info: os.name: 'Windows 11', os.arch: 'amd64', os.version: '10.0', java.version: '18.0.2.1'
Driver info: io.appium.java_client.android.AndroidDriver
Command: [574e0086-ded7-4e40-ac12-16ebf3837f9d, findElement {using=xpath, value=(//android.widget.ImageView)[7]}]
Capabilities {appium:automationName: UIAutomator2, appium:databaseEnabled: false, appium:desired: {automationName: UIAutomator2, deviceName: Android SDK built for x86, platformName: ANDROID}, appium:deviceApiLevel: 31, appium:deviceManufacturer: Google, appium:deviceModel: sdk_gphone64_x86_64, appium:deviceName: emulator-5554, appium:deviceScreenDensity: 560, appium:deviceScreenSize: 1440x3120, appium:deviceUDID: emulator-5554, appium:javascriptEnabled: true, appium:locationContextEnabled: false, appium:networkConnectionEnabled: true, appium:pixelRatio: 3.5, appium:platformVersion: 12, appium:statBarHeight: 84, appium:takesScreenshot: true, appium:viewportRect: {height: 2868, left: 0, top: 84, width: 1440}, appium:warnings: {}, appium:webStorageEnabled: false, platformName: ANDROID}
Session ID: 574e0086-ded7-4e40-ac12-16ebf3837f9d]]>
            </message>
            <full-stacktrace>
              <![CDATA[org.openqa.selenium.NoSuchElementException: An element could not be located on the page using the given search parameters.
For documentation on this error, please visit: https://www.selenium.dev/documentation/webdriver/troubleshooting/errors#no-such-element-exception
Build info: version: '4.22.0', revision: 'c5f3146703*'
System info: os.name: 'Windows 11', os.arch: 'amd64', os.version: '10.0', java.version: '18.0.2.1'
Driver info: io.appium.java_client.android.AndroidDriver
Command: [574e0086-ded7-4e40-ac12-16ebf3837f9d, findElement {using=xpath, value=(//android.widget.ImageView)[7]}]
Capabilities {appium:automationName: UIAutomator2, appium:databaseEnabled: false, appium:desired: {automationName: UIAutomator2, deviceName: Android SDK built for x86, platformName: ANDROID}, appium:deviceApiLevel: 31, appium:deviceManufacturer: Google, appium:deviceModel: sdk_gphone64_x86_64, appium:deviceName: emulator-5554, appium:deviceScreenDensity: 560, appium:deviceScreenSize: 1440x3120, appium:deviceUDID: emulator-5554, appium:javascriptEnabled: true, appium:locationContextEnabled: false, appium:networkConnectionEnabled: true, appium:pixelRatio: 3.5, appium:platformVersion: 12, appium:statBarHeight: 84, appium:takesScreenshot: true, appium:viewportRect: {height: 2868, left: 0, top: 84, width: 1440}, appium:warnings: {}, appium:webStorageEnabled: false, platformName: ANDROID}
Session ID: 574e0086-ded7-4e40-ac12-16ebf3837f9d
at java.base/jdk.internal.reflect.DirectConstructorHandleAccessor.newInstance(DirectConstructorHandleAccessor.java:67)
at java.base/java.lang.reflect.Constructor.newInstanceWithCaller(Constructor.java:499)
at java.base/java.lang.reflect.Constructor.newInstance(Constructor.java:483)
at org.openqa.selenium.remote.codec.w3c.W3CHttpResponseCodec.createException(W3CHttpResponseCodec.java:200)
at org.openqa.selenium.remote.codec.w3c.W3CHttpResponseCodec.decode(W3CHttpResponseCodec.java:133)
at org.openqa.selenium.remote.codec.w3c.W3CHttpResponseCodec.decode(W3CHttpResponseCodec.java:52)
at org.openqa.selenium.remote.HttpCommandExecutor.execute(HttpCommandExecutor.java:191)
at io.appium.java_client.remote.AppiumCommandExecutor.execute(AppiumCommandExecutor.java:262)
at org.openqa.selenium.remote.RemoteWebDriver.execute(RemoteWebDriver.java:602)
at org.openqa.selenium.remote.ElementLocation$ElementFinder$2.findElement(ElementLocation.java:165)
at org.openqa.selenium.remote.ElementLocation.findElement(ElementLocation.java:59)
at org.openqa.selenium.remote.RemoteWebDriver.findElement(RemoteWebDriver.java:359)
at org.openqa.selenium.remote.RemoteWebDriver.findElement(RemoteWebDriver.java:353)
at org.openqa.selenium.support.pagefactory.DefaultElementLocator.findElement(DefaultElementLocator.java:68)
at org.openqa.selenium.support.pagefactory.internal.LocatingElementHandler.invoke(LocatingElementHandler.java:38)
at jdk.proxy2/jdk.proxy2.$Proxy13.click(Unknown Source)
at Android.RedumptionFlowPage.getSA_PINCODE(RedumptionFlowPage.java:189)
at SomanyTestClass.RedumptionFlowTest.PINCODE(RedumptionFlowTest.java:184)
at java.base/jdk.internal.reflect.DirectMethodHandleAccessor.invoke(DirectMethodHandleAccessor.java:104)
at java.base/java.lang.reflect.Method.invoke(Method.java:577)
at org.testng.internal.invokers.MethodInvocationHelper.invokeMethod(MethodInvocationHelper.java:139)
at org.testng.internal.invokers.TestInvoker.invokeMethod(TestInvoker.java:677)
at org.testng.internal.invokers.TestInvoker.invokeTestMethod(TestInvoker.java:221)
at org.testng.internal.invokers.MethodRunner.runInSequence(MethodRunner.java:50)
at org.testng.internal.invokers.TestInvoker$MethodInvocationAgent.invoke(TestInvoker.java:962)
at org.testng.internal.invokers.TestInvoker.invokeTestMethods(TestInvoker.java:194)
at org.testng.internal.invokers.TestMethodWorker.invokeTestMethods(TestMethodWorker.java:148)
at org.testng.internal.invokers.TestMethodWorker.run(TestMethodWorker.java:128)
at java.base/java.util.ArrayList.forEach(ArrayList.java:1511)
at org.testng.TestRunner.privateRun(TestRunner.java:806)
at org.testng.TestRunner.run(TestRunner.java:601)
at org.testng.SuiteRunner.runTest(SuiteRunner.java:433)
at org.testng.SuiteRunner.runSequentially(SuiteRunner.java:427)
at org.testng.SuiteRunner.privateRun(SuiteRunner.java:387)
at org.testng.SuiteRunner.run(SuiteRunner.java:330)
at org.testng.SuiteRunnerWorker.runSuite(SuiteRunnerWorker.java:52)
at org.testng.SuiteRunnerWorker.run(SuiteRunnerWorker.java:95)
at org.testng.TestNG.runSuitesSequentially(TestNG.java:1256)
at org.testng.TestNG.runSuitesLocally(TestNG.java:1176)
at org.testng.TestNG.runSuites(TestNG.java:1099)
at org.testng.TestNG.run(TestNG.java:1067)
at org.apache.maven.surefire.testng.TestNGExecutor.run(TestNGExecutor.java:135)
at org.apache.maven.surefire.testng.TestNGDirectoryTestSuite.executeMulti(TestNGDirectoryTestSuite.java:193)
at org.apache.maven.surefire.testng.TestNGDirectoryTestSuite.execute(TestNGDirectoryTestSuite.java:94)
at org.apache.maven.surefire.testng.TestNGProvider.invoke(TestNGProvider.java:146)
at org.apache.maven.surefire.booter.ForkedBooter.invokeProviderInSameClassLoader(ForkedBooter.java:384)
at org.apache.maven.surefire.booter.ForkedBooter.runSuitesInProcess(ForkedBooter.java:345)
at org.apache.maven.surefire.booter.ForkedBooter.execute(ForkedBooter.java:126)
at org.apache.maven.surefire.booter.ForkedBooter.main(ForkedBooter.java:418)
]]>
            </full-stacktrace>
          </exception> <!-- org.openqa.selenium.NoSuchElementException -->
          <reporter-output>
          </reporter-output>
        </test-method> <!-- PINCODE -->
        <test-method signature="submit_Redumption()[pri:29, instance:SomanyTestClass.RedumptionFlowTest@7db12bb6]" started-at="2024-07-01T12:44:53 IST" name="submit_Redumption" finished-at="2024-07-01T12:44:55 IST" duration-ms="2527" status="PASS">
          <reporter-output>
          </reporter-output>
        </test-method> <!-- submit_Redumption -->
        <test-method signature="order_placed()[pri:30, instance:SomanyTestClass.RedumptionFlowTest@7db12bb6]" started-at="2024-07-01T12:44:55 IST" name="order_placed" finished-at="2024-07-01T12:45:56 IST" duration-ms="60185" status="FAIL">
          <exception class="org.openqa.selenium.TimeoutException">
            <message>
              <![CDATA[Expected condition failed: waiting for presence of any elements located by By.xpath: //android.widget.Button[@content-desc="Order Status"] (tried for 60 second(s) with 500 milliseconds interval)
Build info: version: '4.22.0', revision: 'c5f3146703*'
System info: os.name: 'Windows 11', os.arch: 'amd64', os.version: '10.0', java.version: '18.0.2.1'
Driver info: io.appium.java_client.android.AndroidDriver
Capabilities {appium:automationName: UIAutomator2, appium:databaseEnabled: false, appium:desired: {automationName: UIAutomator2, deviceName: Android SDK built for x86, platformName: ANDROID}, appium:deviceApiLevel: 31, appium:deviceManufacturer: Google, appium:deviceModel: sdk_gphone64_x86_64, appium:deviceName: emulator-5554, appium:deviceScreenDensity: 560, appium:deviceScreenSize: 1440x3120, appium:deviceUDID: emulator-5554, appium:javascriptEnabled: true, appium:locationContextEnabled: false, appium:networkConnectionEnabled: true, appium:pixelRatio: 3.5, appium:platformVersion: 12, appium:statBarHeight: 84, appium:takesScreenshot: true, appium:viewportRect: {height: 2868, left: 0, top: 84, width: 1440}, appium:warnings: {}, appium:webStorageEnabled: false, platformName: ANDROID}
Session ID: 574e0086-ded7-4e40-ac12-16ebf3837f9d]]>
            </message>
            <full-stacktrace>
              <![CDATA[org.openqa.selenium.TimeoutException: Expected condition failed: waiting for presence of any elements located by By.xpath: //android.widget.Button[@content-desc="Order Status"] (tried for 60 second(s) with 500 milliseconds interval)
Build info: version: '4.22.0', revision: 'c5f3146703*'
System info: os.name: 'Windows 11', os.arch: 'amd64', os.version: '10.0', java.version: '18.0.2.1'
Driver info: io.appium.java_client.android.AndroidDriver
Capabilities {appium:automationName: UIAutomator2, appium:databaseEnabled: false, appium:desired: {automationName: UIAutomator2, deviceName: Android SDK built for x86, platformName: ANDROID}, appium:deviceApiLevel: 31, appium:deviceManufacturer: Google, appium:deviceModel: sdk_gphone64_x86_64, appium:deviceName: emulator-5554, appium:deviceScreenDensity: 560, appium:deviceScreenSize: 1440x3120, appium:deviceUDID: emulator-5554, appium:javascriptEnabled: true, appium:locationContextEnabled: false, appium:networkConnectionEnabled: true, appium:pixelRatio: 3.5, appium:platformVersion: 12, appium:statBarHeight: 84, appium:takesScreenshot: true, appium:viewportRect: {height: 2868, left: 0, top: 84, width: 1440}, appium:warnings: {}, appium:webStorageEnabled: false, platformName: ANDROID}
Session ID: 574e0086-ded7-4e40-ac12-16ebf3837f9d
at org.openqa.selenium.support.ui.WebDriverWait.timeoutException(WebDriverWait.java:84)
at org.openqa.selenium.support.ui.FluentWait.until(FluentWait.java:228)
at SomanyTestClass.RedumptionFlowTest.order_placed(RedumptionFlowTest.java:199)
at java.base/jdk.internal.reflect.DirectMethodHandleAccessor.invoke(DirectMethodHandleAccessor.java:104)
at java.base/java.lang.reflect.Method.invoke(Method.java:577)
at org.testng.internal.invokers.MethodInvocationHelper.invokeMethod(MethodInvocationHelper.java:139)
at org.testng.internal.invokers.TestInvoker.invokeMethod(TestInvoker.java:677)
at org.testng.internal.invokers.TestInvoker.invokeTestMethod(TestInvoker.java:221)
at org.testng.internal.invokers.MethodRunner.runInSequence(MethodRunner.java:50)
at org.testng.internal.invokers.TestInvoker$MethodInvocationAgent.invoke(TestInvoker.java:962)
at org.testng.internal.invokers.TestInvoker.invokeTestMethods(TestInvoker.java:194)
at org.testng.internal.invokers.TestMethodWorker.invokeTestMethods(TestMethodWorker.java:148)
at org.testng.internal.invokers.TestMethodWorker.run(TestMethodWorker.java:128)
at java.base/java.util.ArrayList.forEach(ArrayList.java:1511)
at org.testng.TestRunner.privateRun(TestRunner.java:806)
at org.testng.TestRunner.run(TestRunner.java:601)
at org.testng.SuiteRunner.runTest(SuiteRunner.java:433)
at org.testng.SuiteRunner.runSequentially(SuiteRunner.java:427)
at org.testng.SuiteRunner.privateRun(SuiteRunner.java:387)
at org.testng.SuiteRunner.run(SuiteRunner.java:330)
at org.testng.SuiteRunnerWorker.runSuite(SuiteRunnerWorker.java:52)
at org.testng.SuiteRunnerWorker.run(SuiteRunnerWorker.java:95)
at org.testng.TestNG.runSuitesSequentially(TestNG.java:1256)
at org.testng.TestNG.runSuitesLocally(TestNG.java:1176)
at org.testng.TestNG.runSuites(TestNG.java:1099)
at org.testng.TestNG.run(TestNG.java:1067)
at org.apache.maven.surefire.testng.TestNGExecutor.run(TestNGExecutor.java:135)
at org.apache.maven.surefire.testng.TestNGDirectoryTestSuite.executeMulti(TestNGDirectoryTestSuite.java:193)
at org.apache.maven.surefire.testng.TestNGDirectoryTestSuite.execute(TestNGDirectoryTestSuite.java:94)
at org.apache.maven.surefire.testng.TestNGProvider.invoke(TestNGProvider.java:146)
at org.apache.maven.surefire.booter.ForkedBooter.invokeProviderInSameClassLoader(ForkedBooter.java:384)
at org.apache.maven.surefire.booter.ForkedBooter.runSuitesInProcess(ForkedBooter.java:345)
at org.apache.maven.surefire.booter.ForkedBooter.execute(ForkedBooter.java:126)
at org.apache.maven.surefire.booter.ForkedBooter.main(ForkedBooter.java:418)
]]>
            </full-stacktrace>
          </exception> <!-- org.openqa.selenium.TimeoutException -->
          <reporter-output>
          </reporter-output>
        </test-method> <!-- order_placed -->
        <test-method signature="Order_Status()[pri:31, instance:SomanyTestClass.RedumptionFlowTest@7db12bb6]" started-at="2024-07-01T12:45:56 IST" name="Order_Status" finished-at="2024-07-01T12:46:56 IST" duration-ms="60308" status="FAIL">
          <exception class="org.openqa.selenium.TimeoutException">
            <message>
              <![CDATA[Expected condition failed: waiting for presence of any elements located by By.xpath: //android.widget.Button[@content-desc="Order Status"] (tried for 60 second(s) with 500 milliseconds interval)
Build info: version: '4.22.0', revision: 'c5f3146703*'
System info: os.name: 'Windows 11', os.arch: 'amd64', os.version: '10.0', java.version: '18.0.2.1'
Driver info: io.appium.java_client.android.AndroidDriver
Capabilities {appium:automationName: UIAutomator2, appium:databaseEnabled: false, appium:desired: {automationName: UIAutomator2, deviceName: Android SDK built for x86, platformName: ANDROID}, appium:deviceApiLevel: 31, appium:deviceManufacturer: Google, appium:deviceModel: sdk_gphone64_x86_64, appium:deviceName: emulator-5554, appium:deviceScreenDensity: 560, appium:deviceScreenSize: 1440x3120, appium:deviceUDID: emulator-5554, appium:javascriptEnabled: true, appium:locationContextEnabled: false, appium:networkConnectionEnabled: true, appium:pixelRatio: 3.5, appium:platformVersion: 12, appium:statBarHeight: 84, appium:takesScreenshot: true, appium:viewportRect: {height: 2868, left: 0, top: 84, width: 1440}, appium:warnings: {}, appium:webStorageEnabled: false, platformName: ANDROID}
Session ID: 574e0086-ded7-4e40-ac12-16ebf3837f9d]]>
            </message>
            <full-stacktrace>
              <![CDATA[org.openqa.selenium.TimeoutException: Expected condition failed: waiting for presence of any elements located by By.xpath: //android.widget.Button[@content-desc="Order Status"] (tried for 60 second(s) with 500 milliseconds interval)
Build info: version: '4.22.0', revision: 'c5f3146703*'
System info: os.name: 'Windows 11', os.arch: 'amd64', os.version: '10.0', java.version: '18.0.2.1'
Driver info: io.appium.java_client.android.AndroidDriver
Capabilities {appium:automationName: UIAutomator2, appium:databaseEnabled: false, appium:desired: {automationName: UIAutomator2, deviceName: Android SDK built for x86, platformName: ANDROID}, appium:deviceApiLevel: 31, appium:deviceManufacturer: Google, appium:deviceModel: sdk_gphone64_x86_64, appium:deviceName: emulator-5554, appium:deviceScreenDensity: 560, appium:deviceScreenSize: 1440x3120, appium:deviceUDID: emulator-5554, appium:javascriptEnabled: true, appium:locationContextEnabled: false, appium:networkConnectionEnabled: true, appium:pixelRatio: 3.5, appium:platformVersion: 12, appium:statBarHeight: 84, appium:takesScreenshot: true, appium:viewportRect: {height: 2868, left: 0, top: 84, width: 1440}, appium:warnings: {}, appium:webStorageEnabled: false, platformName: ANDROID}
Session ID: 574e0086-ded7-4e40-ac12-16ebf3837f9d
at org.openqa.selenium.support.ui.WebDriverWait.timeoutException(WebDriverWait.java:84)
at org.openqa.selenium.support.ui.FluentWait.until(FluentWait.java:228)
at SomanyTestClass.RedumptionFlowTest.Order_Status(RedumptionFlowTest.java:206)
at java.base/jdk.internal.reflect.DirectMethodHandleAccessor.invoke(DirectMethodHandleAccessor.java:104)
at java.base/java.lang.reflect.Method.invoke(Method.java:577)
at org.testng.internal.invokers.MethodInvocationHelper.invokeMethod(MethodInvocationHelper.java:139)
at org.testng.internal.invokers.TestInvoker.invokeMethod(TestInvoker.java:677)
at org.testng.internal.invokers.TestInvoker.invokeTestMethod(TestInvoker.java:221)
at org.testng.internal.invokers.MethodRunner.runInSequence(MethodRunner.java:50)
at org.testng.internal.invokers.TestInvoker$MethodInvocationAgent.invoke(TestInvoker.java:962)
at org.testng.internal.invokers.TestInvoker.invokeTestMethods(TestInvoker.java:194)
at org.testng.internal.invokers.TestMethodWorker.invokeTestMethods(TestMethodWorker.java:148)
at org.testng.internal.invokers.TestMethodWorker.run(TestMethodWorker.java:128)
at java.base/java.util.ArrayList.forEach(ArrayList.java:1511)
at org.testng.TestRunner.privateRun(TestRunner.java:806)
at org.testng.TestRunner.run(TestRunner.java:601)
at org.testng.SuiteRunner.runTest(SuiteRunner.java:433)
at org.testng.SuiteRunner.runSequentially(SuiteRunner.java:427)
at org.testng.SuiteRunner.privateRun(SuiteRunner.java:387)
at org.testng.SuiteRunner.run(SuiteRunner.java:330)
at org.testng.SuiteRunnerWorker.runSuite(SuiteRunnerWorker.java:52)
at org.testng.SuiteRunnerWorker.run(SuiteRunnerWorker.java:95)
at org.testng.TestNG.runSuitesSequentially(TestNG.java:1256)
at org.testng.TestNG.runSuitesLocally(TestNG.java:1176)
at org.testng.TestNG.runSuites(TestNG.java:1099)
at org.testng.TestNG.run(TestNG.java:1067)
at org.apache.maven.surefire.testng.TestNGExecutor.run(TestNGExecutor.java:135)
at org.apache.maven.surefire.testng.TestNGDirectoryTestSuite.executeMulti(TestNGDirectoryTestSuite.java:193)
at org.apache.maven.surefire.testng.TestNGDirectoryTestSuite.execute(TestNGDirectoryTestSuite.java:94)
at org.apache.maven.surefire.testng.TestNGProvider.invoke(TestNGProvider.java:146)
at org.apache.maven.surefire.booter.ForkedBooter.invokeProviderInSameClassLoader(ForkedBooter.java:384)
at org.apache.maven.surefire.booter.ForkedBooter.runSuitesInProcess(ForkedBooter.java:345)
at org.apache.maven.surefire.booter.ForkedBooter.execute(ForkedBooter.java:126)
at org.apache.maven.surefire.booter.ForkedBooter.main(ForkedBooter.java:418)
]]>
            </full-stacktrace>
          </exception> <!-- org.openqa.selenium.TimeoutException -->
          <reporter-output>
          </reporter-output>
        </test-method> <!-- Order_Status -->
        <test-method signature="Oeder_HistoryScreen()[pri:32, instance:SomanyTestClass.RedumptionFlowTest@7db12bb6]" started-at="2024-07-01T12:46:56 IST" name="Oeder_HistoryScreen" finished-at="2024-07-01T12:46:56 IST" duration-ms="79" status="PASS">
          <reporter-output>
          </reporter-output>
        </test-method> <!-- Oeder_HistoryScreen -->
        <test-method signature="OrderHistory()[pri:33, instance:SomanyTestClass.RedumptionFlowTest@7db12bb6]" started-at="2024-07-01T12:46:56 IST" name="OrderHistory" finished-at="2024-07-01T12:46:56 IST" duration-ms="227" status="FAIL">
          <exception class="org.openqa.selenium.NoSuchElementException">
            <message>
              <![CDATA[An element could not be located on the page using the given search parameters.
For documentation on this error, please visit: https://www.selenium.dev/documentation/webdriver/troubleshooting/errors#no-such-element-exception
Build info: version: '4.22.0', revision: 'c5f3146703*'
System info: os.name: 'Windows 11', os.arch: 'amd64', os.version: '10.0', java.version: '18.0.2.1'
Driver info: io.appium.java_client.android.AndroidDriver
Command: [574e0086-ded7-4e40-ac12-16ebf3837f9d, findElement {using=xpath, value=//android.view.View[@content-desc="Order History"]}]
Capabilities {appium:automationName: UIAutomator2, appium:databaseEnabled: false, appium:desired: {automationName: UIAutomator2, deviceName: Android SDK built for x86, platformName: ANDROID}, appium:deviceApiLevel: 31, appium:deviceManufacturer: Google, appium:deviceModel: sdk_gphone64_x86_64, appium:deviceName: emulator-5554, appium:deviceScreenDensity: 560, appium:deviceScreenSize: 1440x3120, appium:deviceUDID: emulator-5554, appium:javascriptEnabled: true, appium:locationContextEnabled: false, appium:networkConnectionEnabled: true, appium:pixelRatio: 3.5, appium:platformVersion: 12, appium:statBarHeight: 84, appium:takesScreenshot: true, appium:viewportRect: {height: 2868, left: 0, top: 84, width: 1440}, appium:warnings: {}, appium:webStorageEnabled: false, platformName: ANDROID}
Session ID: 574e0086-ded7-4e40-ac12-16ebf3837f9d]]>
            </message>
            <full-stacktrace>
              <![CDATA[org.openqa.selenium.NoSuchElementException: An element could not be located on the page using the given search parameters.
For documentation on this error, please visit: https://www.selenium.dev/documentation/webdriver/troubleshooting/errors#no-such-element-exception
Build info: version: '4.22.0', revision: 'c5f3146703*'
System info: os.name: 'Windows 11', os.arch: 'amd64', os.version: '10.0', java.version: '18.0.2.1'
Driver info: io.appium.java_client.android.AndroidDriver
Command: [574e0086-ded7-4e40-ac12-16ebf3837f9d, findElement {using=xpath, value=//android.view.View[@content-desc="Order History"]}]
Capabilities {appium:automationName: UIAutomator2, appium:databaseEnabled: false, appium:desired: {automationName: UIAutomator2, deviceName: Android SDK built for x86, platformName: ANDROID}, appium:deviceApiLevel: 31, appium:deviceManufacturer: Google, appium:deviceModel: sdk_gphone64_x86_64, appium:deviceName: emulator-5554, appium:deviceScreenDensity: 560, appium:deviceScreenSize: 1440x3120, appium:deviceUDID: emulator-5554, appium:javascriptEnabled: true, appium:locationContextEnabled: false, appium:networkConnectionEnabled: true, appium:pixelRatio: 3.5, appium:platformVersion: 12, appium:statBarHeight: 84, appium:takesScreenshot: true, appium:viewportRect: {height: 2868, left: 0, top: 84, width: 1440}, appium:warnings: {}, appium:webStorageEnabled: false, platformName: ANDROID}
Session ID: 574e0086-ded7-4e40-ac12-16ebf3837f9d
at java.base/jdk.internal.reflect.DirectConstructorHandleAccessor.newInstance(DirectConstructorHandleAccessor.java:67)
at java.base/java.lang.reflect.Constructor.newInstanceWithCaller(Constructor.java:499)
at java.base/java.lang.reflect.Constructor.newInstance(Constructor.java:483)
[...]
at org.openqa.selenium.remote.codec.w3c.W3CHttpResponseCodec.decode(W3CHttpResponseCodec.java:133)
at org.openqa.selenium.remote.codec.w3c.W3CHttpResponseCodec.decode(W3CHttpResponseCodec.java:52)
at org.openqa.selenium.remote.HttpCommandExecutor.execute(HttpCommandExecutor.java:191)
at io.appium.java_client.remote.AppiumCommandExecutor.execute(AppiumCommandExecutor.java:262)
at org.openqa.selenium.remote.RemoteWebDriver.execute(RemoteWebDriver.java:602)
at org.openqa.selenium.remote.ElementLocation$ElementFinder$2.findElement(ElementLocation.java:165)
at org.openqa.selenium.remote.ElementLocation.findElement(ElementLocation.java:59)
at org.openqa.selenium.remote.RemoteWebDriver.findElement(RemoteWebDriver.java:359)
at org.openqa.selenium.remote.RemoteWebDriver.findElement(RemoteWebDriver.java:353)
at org.openqa.selenium.support.pagefactory.DefaultElementLocator.findElement(DefaultElementLocator.java:68)
at org.openqa.selenium.support.pagefactory.internal.LocatingElementHandler.invoke(LocatingElementHandler.java:38)
at jdk.proxy2/jdk.proxy2.$Proxy13.click(Unknown Source)
at Android.RetailerNominiPage.Choose_Image(RetailerNominiPage.java:226)
at SomanyTestClass.RetailerNominationTest.shope_photo(RetailerNominationTest.java:262)
at java.base/jdk.internal.reflect.DirectMethodHandleAccessor.invoke(DirectMethodHandleAccessor.java:104)
at java.base/java.lang.reflect.Method.invoke(Method.java:577)
at org.testng.internal.invokers.MethodInvocationHelper.invokeMethod(MethodInvocationHelper.java:139)
at org.testng.internal.invokers.TestInvoker.invokeMethod(TestInvoker.java:677)
at org.testng.internal.invokers.TestInvoker.invokeTestMethod(TestInvoker.java:221)
at org.testng.internal.invokers.MethodRunner.runInSequence(MethodRunner.java:50)
at org.testng.internal.invokers.TestInvoker$MethodInvocationAgent.invoke(TestInvoker.java:962)
at org.testng.internal.invokers.TestInvoker.invokeTestMethods(TestInvoker.java:194)
at org.testng.internal.invokers.TestMethodWorker.invokeTestMethods(TestMethodWorker.java:148)
at org.testng.internal.invokers.TestMethodWorker.run(TestMethodWorker.java:128)
at java.base/java.util.ArrayList.forEach(ArrayList.java:1511)
at org.testng.TestRunner.privateRun(TestRunner.java:806)
at org.testng.TestRunner.run(TestRunner.java:601)
at org.testng.SuiteRunner.runTest(SuiteRunner.java:433)
at org.testng.SuiteRunner.runSequentially(SuiteRunner.java:427)
at org.testng.SuiteRunner.privateRun(SuiteRunner.java:387)
at org.testng.SuiteRunner.run(SuiteRunner.java:330)
at org.testng.SuiteRunnerWorker.runSuite(SuiteRunnerWorker.java:52)
at org.testng.SuiteRunnerWorker.run(SuiteRunnerWorker.java:95)
at org.testng.TestNG.runSuitesSequentially(TestNG.java:1256)
at org.testng.TestNG.runSuitesLocally(TestNG.java:1176)
at org.testng.TestNG.runSuites(TestNG.java:1099)
at org.testng.TestNG.run(TestNG.java:1067)
at org.apache.maven.surefire.testng.TestNGExecutor.run(TestNGExecutor.java:135)
at org.apache.maven.surefire.testng.TestNGDirectoryTestSuite.executeMulti(TestNGDirectoryTestSuite.java:193)
at org.apache.maven.surefire.testng.TestNGDirectoryTestSuite.execute(TestNGDirectoryTestSuite.java:94)
at org.apache.maven.surefire.testng.TestNGProvider.invoke(TestNGProvider.java:146)
at org.apache.maven.surefire.booter.ForkedBooter.invokeProviderInSameClassLoader(ForkedBooter.java:384)
at org.apache.maven.surefire.booter.ForkedBooter.runSuitesInProcess(ForkedBooter.java:345)
at org.apache.maven.surefire.booter.ForkedBooter.execute(ForkedBooter.java:126)
at org.apache.maven.surefire.booter.ForkedBooter.main(ForkedBooter.java:418)
]]>
            </full-stacktrace>
          </exception> <!-- org.openqa.selenium.NoSuchElementException -->
          <reporter-output>
          </reporter-output>
        </test-method> <!-- shope_photo -->
        <test-method signature="GST_certificate()[pri:27, instance:SomanyTestClass.RetailerNominationTest@783a467b]" started-at="2024-07-01T12:55:26 IST" name="GST_certificate" finished-at="2024-07-01T12:55:26 IST" duration-ms="357" status="FAIL">
          <exception class="org.openqa.selenium.NoSuchElementException">
            <message>
              <![CDATA[An element could not be located on the page using the given search parameters.
For documentation on this error, please visit: https://www.selenium.dev/documentation/webdriver/troubleshooting/errors#no-such-element-exception
Build info: version: '4.22.0', revision: 'c5f3146703*'
System info: os.name: 'Windows 11', os.arch: 'amd64', os.version: '10.0', java.version: '18.0.2.1'
Driver info: io.appium.java_client.android.AndroidDriver
Command: [d5bb4fa9-ed09-46f1-9f66-cab9a25a29e2, findElement {using=xpath, value=//android.view.View[@content-desc='Choose Image']}]
Capabilities {appium:automationName: UIAutomator2, appium:databaseEnabled: false, appium:desired: {automationName: UIAutomator2, deviceName: Android SDK built for x86, platformName: ANDROID}, appium:deviceApiLevel: 31, appium:deviceManufacturer: Google, appium:deviceModel: sdk_gphone64_x86_64, appium:deviceName: emulator-5554, appium:deviceScreenDensity: 560, appium:deviceScreenSize: 1440x3120, appium:deviceUDID: emulator-5554, appium:javascriptEnabled: true, appium:locationContextEnabled: false, appium:networkConnectionEnabled: true, appium:pixelRatio: 3.5, appium:platformVersion: 12, appium:statBarHeight: 84, appium:takesScreenshot: true, appium:viewportRect: {height: 2868, left: 0, top: 84, width: 1440}, appium:warnings: {}, appium:webStorageEnabled: false, platformName: ANDROID}
Session ID: d5bb4fa9-ed09-46f1-9f66-cab9a25a29e2]]>
            </message>
            <full-stacktrace>
              <![CDATA[org.openqa.selenium.NoSuchElementException: An element could not be located on the page using the given search parameters.
For documentation on this error, please visit: https://www.selenium.dev/documentation/webdriver/troubleshooting/errors#no-such-element-exception
Build info: version: '4.22.0', revision: 'c5f3146703*'
System info: os.name: 'Windows 11', os.arch: 'amd64', os.version: '10.0', java.version: '18.0.2.1'
Driver info: io.appium.java_client.android.AndroidDriver
Command: [d5bb4fa9-ed09-46f1-9f66-cab9a25a29e2, findElement {using=xpath, value=//android.view.View[@content-desc='Choose Image']}]
Capabilities {appium:automationName: UIAutomator2, appium:databaseEnabled: false, appium:desired: {automationName: UIAutomator2, deviceName: Android SDK built for x86, platformName: ANDROID}, appium:deviceApiLevel: 31, appium:deviceManufacturer: Google, appium:deviceModel: sdk_gphone64_x86_64, appium:deviceName: emulator-5554, appium:deviceScreenDensity: 560, appium:deviceScreenSize: 1440x3120, appium:deviceUDID: emulator-5554, appium:javascriptEnabled: true, appium:locationContextEnabled: false, appium:networkConnectionEnabled: true, appium:pixelRatio: 3.5, appium:platformVersion: 12, appium:statBarHeight: 84, appium:takesScreenshot: true, appium:viewportRect: {height: 2868, left: 0, top: 84, width: 1440}, appium:warnings: {}, appium:webStorageEnabled: false, platformName: ANDROID}
Session ID: d5bb4fa9-ed09-46f1-9f66-cab9a25a29e2
at java.base/jdk.internal.reflect.DirectConstructorHandleAccessor.newInstance(DirectConstructorHandleAccessor.java:67)
at java.base/java.lang.reflect.Constructor.newInstanceWithCaller(Constructor.java:499)
at java.base/java.lang.reflect.Constructor.newInstance(Constructor.java:483)
at org.openqa.selenium.remote.codec.w3c.W3CHttpResponseCodec.createException(W3CHttpResponseCodec.java:200)
at org.openqa.selenium.remote.codec.w3c.W3CHttpResponseCodec.decode(W3CHttpResponseCodec.java:133)
at org.openqa.selenium.remote.codec.w3c.W3CHttpResponseCodec.decode(W3CHttpResponseCodec.java:52)
at org.openqa.selenium.remote.HttpCommandExecutor.execute(HttpCommandExecutor.java:191)
at io.appium.java_client.remote.AppiumCommandExecutor.execute(AppiumCommandExecutor.java:262)
at org.openqa.selenium.remote.RemoteWebDriver.execute(RemoteWebDriver.java:602)
at org.openqa.selenium.remote.ElementLocation$ElementFinder$2.findElement(ElementLocation.java:165)
at org.openqa.selenium.remote.ElementLocation.findElement(ElementLocation.java:59)
at org.openqa.selenium.remote.RemoteWebDriver.findElement(RemoteWebDriver.java:359)
at org.openqa.selenium.remote.RemoteWebDriver.findElement(RemoteWebDriver.java:353)
at org.openqa.selenium.support.pagefactory.DefaultElementLocator.findElement(DefaultElementLocator.java:68)
at org.openqa.selenium.support.pagefactory.internal.LocatingElementHandler.invoke(LocatingElementHandler.java:38)
at jdk.proxy2/jdk.proxy2.$Proxy13.click(Unknown Source)
at Android.RetailerNominiPage.Choose_Image(RetailerNominiPage.java:226)
at SomanyTestClass.RetailerNominationTest.GST_certificate(RetailerNominationTest.java:271)
at java.base/jdk.internal.reflect.DirectMethodHandleAccessor.invoke(DirectMethodHandleAccessor.java:104)
at java.base/java.lang.reflect.Method.invoke(Method.java:577)
at org.testng.internal.invokers.MethodInvocationHelper.invokeMethod(MethodInvocationHelper.java:139)
at org.testng.internal.invokers.TestInvoker.invokeMethod(TestInvoker.java:677)
at org.testng.internal.invokers.TestInvoker.invokeTestMethod(TestInvoker.java:221)
at org.testng.internal.invokers.MethodRunner.runInSequence(MethodRunner.java:50)
at org.testng.internal.invokers.TestInvoker$MethodInvocationAgent.invoke(TestInvoker.java:962)
at org.testng.internal.invokers.TestInvoker.invokeTestMethods(TestInvoker.java:194)
at org.testng.internal.invokers.TestMethodWorker.invokeTestMethods(TestMethodWorker.java:148)
at org.testng.internal.invokers.TestMethodWorker.run(TestMethodWorker.java:128)
at java.base/java.util.ArrayList.forEach(ArrayList.java:1511)
at org.testng.TestRunner.privateRun(TestRunner.java:806)
at org.testng.TestRunner.run(TestRunner.java:601)
at org.testng.SuiteRunner.runTest(SuiteRunner.java:433)
at org.testng.SuiteRunner.runSequentially(SuiteRunner.java:427)
at org.testng.SuiteRunner.privateRun(SuiteRunner.java:387)
at org.testng.SuiteRunner.run(SuiteRunner.java:330)
at org.testng.SuiteRunnerWorker.runSuite(SuiteRunnerWorker.java:52)
at org.testng.SuiteRunnerWorker.run(SuiteRunnerWorker.java:95)
at org.testng.TestNG.runSuitesSequentially(TestNG.java:1256)
at org.testng.TestNG.runSuitesLocally(TestNG.java:1176)
at org.testng.TestNG.runSuites(TestNG.java:1099)
at org.testng.TestNG.run(TestNG.java:1067)
at org.apache.maven.surefire.testng.TestNGExecutor.run(TestNGExecutor.java:135)
at org.apache.maven.surefire.testng.TestNGDirectoryTestSuite.executeMulti(TestNGDirectoryTestSuite.java:193)
at org.apache.maven.surefire.testng.TestNGDirectoryTestSuite.execute(TestNGDirectoryTestSuite.java:94)
at org.apache.maven.surefire.testng.TestNGProvider.invoke(TestNGProvider.java:146)
at org.apache.maven.surefire.booter.ForkedBooter.invokeProviderInSameClassLoader(ForkedBooter.java:384)
at org.apache.maven.surefire.booter.ForkedBooter.runSuitesInProcess(ForkedBooter.java:345)
at org.apache.maven.surefire.booter.ForkedBooter.execute(ForkedBooter.java:126)
at org.apache.maven.surefire.booter.ForkedBooter.main(ForkedBooter.java:418)
]]>
            </full-stacktrace>
          </exception> <!-- org.openqa.selenium.NoSuchElementException -->
          <reporter-output>
          </reporter-output>
        </test-method> <!-- GST_certificate -->
        <test-method signature="submit()[pri:28, instance:SomanyTestClass.RetailerNominationTest@783a467b]" started-at="2024-07-01T12:55:27 IST" name="submit" finished-at="2024-07-01T12:55:27 IST" duration-ms="78" status="FAIL">
          <exception class="org.openqa.selenium.NoSuchElementException">
            <message>
              <![CDATA[An element could not be located on the page using the given search parameters.
For documentation on this error, please visit: https://www.selenium.dev/documentation/webdriver/troubleshooting/errors#no-such-element-exception
Build info: version: '4.22.0', revision: 'c5f3146703*'
System info: os.name: 'Windows 11', os.arch: 'amd64', os.version: '10.0', java.version: '18.0.2.1'
Driver info: io.appium.java_client.android.AndroidDriver
Command: [d5bb4fa9-ed09-46f1-9f66-cab9a25a29e2, findElement {using=xpath, value=//android.widget.ImageView[@content-desc="Submit"]}]
Capabilities {appium:automationName: UIAutomator2, appium:databaseEnabled: false, appium:desired: {automationName: UIAutomator2, deviceName: Android SDK built for x86, platformName: ANDROID}, appium:deviceApiLevel: 31, appium:deviceManufacturer: Google, appium:deviceModel: sdk_gphone64_x86_64, appium:deviceName: emulator-5554, appium:deviceScreenDensity: 560, appium:deviceScreenSize: 1440x3120, appium:deviceUDID: emulator-5554, appium:javascriptEnabled: true, appium:locationContextEnabled: false, appium:networkConnectionEnabled: true, appium:pixelRatio: 3.5, appium:platformVersion: 12, appium:statBarHeight: 84, appium:takesScreenshot: true, appium:viewportRect: {height: 2868, left: 0, top: 84, width: 1440}, appium:warnings: {}, appium:webStorageEnabled: false, platformName: ANDROID}
Session ID: d5bb4fa9-ed09-46f1-9f66-cab9a25a29e2]]>
            </message>
            <full-stacktrace>
              <![CDATA[org.openqa.selenium.NoSuchElementException: An element could not be located on the page using the given search parameters.
For documentation on this error, please visit: https://www.selenium.dev/documentation/webdriver/troubleshooting/errors#no-such-element-exception
Build info: version: '4.22.0', revision: 'c5f3146703*'
System info: os.name: 'Windows 11', os.arch: 'amd64', os.version: '10.0', java.version: '18.0.2.1'
Driver info: io.appium.java_client.android.AndroidDriver
Command: [d5bb4fa9-ed09-46f1-9f66-cab9a25a29e2, findElement {using=xpath, value=//android.widget.ImageView[@content-desc="Submit"]}]
Capabilities {appium:automationName: UIAutomator2, appium:databaseEnabled: false, appium:desired: {automationName: UIAutomator2, deviceName: Android SDK built for x86, platformName: ANDROID}, appium:deviceApiLevel: 31, appium:deviceManufacturer: Google, appium:deviceModel: sdk_gphone64_x86_64, appium:deviceName: emulator-5554, appium:deviceScreenDensity: 560, appium:deviceScreenSize: 1440x3120, appium:deviceUDID: emulator-5554, appium:javascriptEnabled: true, appium:locationContextEnabled: false, appium:networkConnectionEnabled: true, appium:pixelRatio: 3.5, appium:platformVersion: 12, appium:statBarHeight: 84, appium:takesScreenshot: true, appium:viewportRect: {height: 2868, left: 0, top: 84, width: 1440}, appium:warnings: {}, appium:webStorageEnabled: false, platformName: ANDROID}
Session ID: d5bb4fa9-ed09-46f1-9f66-cab9a25a29e2
at java.base/jdk.internal.reflect.DirectConstructorHandleAccessor.newInstance(DirectConstructorHandleAccessor.java:67)
at java.base/java.lang.reflect.Constructor.newInstanceWithCaller(Constructor.java:499)
at java.base/java.lang.reflect.Constructor.newInstance(Constructor.java:483)
at org.openqa.selenium.remote.codec.w3c.W3CHttpResponseCodec.createException(W3CHttpResponseCodec.java:200)
at org.openqa.selenium.remote.codec.w3c.W3CHttpResponseCodec.decode(W3CHttpResponseCodec.java:133)
at org.openqa.selenium.remote.codec.w3c.W3CHttpResponseCodec.decode(W3CHttpResponseCodec.java:52)
at org.openqa.selenium.remote.HttpCommandExecutor.execute(HttpCommandExecutor.java:191)
at io.appium.java_client.remote.AppiumCommandExecutor.execute(AppiumCommandExecutor.java:262)
at org.openqa.selenium.remote.RemoteWebDriver.execute(RemoteWebDriver.java:602)
at org.openqa.selenium.remote.ElementLocation$ElementFinder$2.findElement(ElementLocation.java:165)
at org.openqa.selenium.remote.ElementLocation.findElement(ElementLocation.java:59)
at org.openqa.selenium.remote.RemoteWebDriver.findElement(RemoteWebDriver.java:359)
at org.openqa.selenium.remote.RemoteWebDriver.findElement(RemoteWebDriver.java:353)
at org.openqa.selenium.support.pagefactory.DefaultElementLocator.findElement(DefaultElementLocator.java:68)
at org.openqa.selenium.support.pagefactory.internal.LocatingElementHandler.invoke(LocatingElementHandler.java:38)
at jdk.proxy2/jdk.proxy2.$Proxy13.click(Unknown Source)
at Android.RetailerNominiPage.submit(RetailerNominiPage.java:213)
at SomanyTestClass.RetailerNominationTest.submit(RetailerNominationTest.java:279)
at java.base/jdk.internal.reflect.DirectMethodHandleAccessor.invoke(DirectMethodHandleAccessor.java:104)
at java.base/java.lang.reflect.Method.invoke(Method.java:577)
at org.testng.internal.invokers.MethodInvocationHelper.invokeMethod(MethodInvocationHelper.java:139)
at org.testng.internal.invokers.TestInvoker.invokeMethod(TestInvoker.java:677)
at org.testng.internal.invokers.TestInvoker.invokeTestMethod(TestInvoker.java:221)
at org.testng.internal.invokers.MethodRunner.runInSequence(MethodRunner.java:50)
at org.testng.internal.invokers.TestInvoker$MethodInvocationAgent.invoke(TestInvoker.java:962)
at org.testng.internal.invokers.TestInvoker.invokeTestMethods(TestInvoker.java:194)
at org.testng.internal.invokers.TestMethodWorker.invokeTestMethods(TestMethodWorker.java:148)
at org.testng.internal.invokers.TestMethodWorker.run(TestMethodWorker.java:128)
at java.base/java.util.ArrayList.forEach(ArrayList.java:1511)
at org.testng.TestRunner.privateRun(TestRunner.java:806)
at org.testng.TestRunner.run(TestRunner.java:601)
at org.testng.SuiteRunner.runTest(SuiteRunner.java:433)
at org.testng.SuiteRunner.runSequentially(SuiteRunner.java:427)
at org.testng.SuiteRunner.privateRun(SuiteRunner.java:387)
at org.testng.SuiteRunner.run(SuiteRunner.java:330)
at org.testng.SuiteRunnerWorker.runSuite(SuiteRunnerWorker.java:52)
at org.testng.SuiteRunnerWorker.run(SuiteRunnerWorker.java:95)
at org.testng.TestNG.runSuitesSequentially(TestNG.java:1256)
at org.testng.TestNG.runSuitesLocally(TestNG.java:1176)
at org.testng.TestNG.runSuites(TestNG.java:1099)
at org.testng.TestNG.run(TestNG.java:1067)
at org.apache.maven.surefire.testng.TestNGExecutor.run(TestNGExecutor.java:135)
at org.apache.maven.surefire.testng.TestNGDirectoryTestSuite.executeMulti(TestNGDirectoryTestSuite.java:193)
at org.apache.maven.surefire.testng.TestNGDirectoryTestSuite.execute(TestNGDirectoryTestSuite.java:94)
at org.apache.maven.surefire.testng.TestNGProvider.invoke(TestNGProvider.java:146)
at org.apache.maven.surefire.booter.ForkedBooter.invokeProviderInSameClassLoader(ForkedBooter.java:384)
at org.apache.maven.surefire.booter.ForkedBooter.runSuitesInProcess(ForkedBooter.java:345)
at org.apache.maven.surefire.booter.ForkedBooter.execute(ForkedBooter.java:126)
at org.apache.maven.surefire.booter.ForkedBooter.main(ForkedBooter.java:418)
]]>
            </full-stacktrace>
          </exception> <!-- org.openqa.selenium.NoSuchElementException -->
          <reporter-output>
          </reporter-output>
        </test-method> <!-- submit -->
        <test-method signature="scrollbit()[pri:29, instance:SomanyTestClass.RetailerNominationTest@783a467b]" started-at="2024-07-01T12:55:27 IST" name="scrollbit" finished-at="2024-07-01T12:55:29 IST" duration-ms="2176" status="PASS">
          <reporter-output>
          </reporter-output>
        </test-method> <!-- scrollbit -->
        <test-method signature="back()[pri:30, instance:SomanyTestClass.RetailerNominationTest@783a467b]" started-at="2024-07-01T12:55:29 IST" name="back" finished-at="2024-07-01T12:55:31 IST" duration-ms="2213" status="PASS">
          <reporter-output>
          </reporter-output>
        </test-method> <!-- back -->
        <test-method is-config="true" signature="sendEmailWithAttachment()[pri:0, instance:SomanyTestClass.RetailerNominationTest@783a467b]" started-at="2024-07-01T12:55:31 IST" name="sendEmailWithAttachment" finished-at="2024-07-01T12:55:31 IST" duration-ms="1" status="PASS">
          <reporter-output>
          </reporter-output>
        </test-method> <!-- sendEmailWithAttachment -->
      </class> <!-- SomanyTestClass.RetailerNominationTest -->
    </test> <!-- Surefire test -->
  </suite> <!-- Surefire suite -->
</testng-results>
